[0.006s] Invoking command in '/home/cvl/excavator_ws/build/excavator_description': CMAKE_PREFIX_PATH=/opt/ros/humble /usr/bin/cmake /home/cvl/excavator_ws/src/excavator_description -DCMAKE_INSTALL_PREFIX=/home/cvl/excavator_ws/install/excavator_description
[0.046s] -- The C compiler identification is GNU 11.4.0
[0.091s] -- The CXX compiler identification is GNU 11.4.0
[0.095s] -- Detecting C compiler ABI info
[0.154s] -- Detecting C compiler ABI info - done
[0.162s] -- Check for working C compiler: /usr/bin/cc - skipped
[0.163s] -- Detecting C compile features
[0.163s] -- Detecting C compile features - done
[0.167s] -- Detecting CXX compiler ABI info
[0.252s] -- Detecting CXX compiler ABI info - done
[0.257s] -- Check for working CXX compiler: /usr/bin/c++ - skipped
[0.257s] -- Detecting CXX compile features
[0.257s] -- Detecting CXX compile features - done
[0.259s] -- Found ament_cmake: 1.3.11 (/opt/ros/humble/share/ament_cmake/cmake)
[0.355s] -- Found Python3: /usr/bin/python3 (found version "3.10.12") found components: Interpreter 
[0.410s] -- Found ament_lint_auto: 0.12.11 (/opt/ros/humble/share/ament_lint_auto/cmake)
[0.459s] -- Added test 'lint_cmake' to check CMake code style
[0.460s] -- Added test 'xmllint' to check XML markup files
[0.460s] -- Configuring done
[0.461s] -- Generating done
[0.462s] -- Build files have been written to: /home/cvl/excavator_ws/build/excavator_description
[0.466s] Invoked command in '/home/cvl/excavator_ws/build/excavator_description' returned '0': CMAKE_PREFIX_PATH=/opt/ros/humble /usr/bin/cmake /home/cvl/excavator_ws/src/excavator_description -DCMAKE_INSTALL_PREFIX=/home/cvl/excavator_ws/install/excavator_description
[0.467s] Invoking command in '/home/cvl/excavator_ws/build/excavator_description': CMAKE_PREFIX_PATH=/opt/ros/humble /usr/bin/cmake --build /home/cvl/excavator_ws/build/excavator_description -- -j16 -l16
[0.496s] Invoked command in '/home/cvl/excavator_ws/build/excavator_description' returned '0': CMAKE_PREFIX_PATH=/opt/ros/humble /usr/bin/cmake --build /home/cvl/excavator_ws/build/excavator_description -- -j16 -l16
[0.508s] Invoking command in '/home/cvl/excavator_ws/build/excavator_description': CMAKE_PREFIX_PATH=/opt/ros/humble /usr/bin/cmake --install /home/cvl/excavator_ws/build/excavator_description
[0.514s] -- Install configuration: ""
[0.514s] -- Installing: /home/cvl/excavator_ws/install/excavator_description/share/excavator_description/meshes
[0.515s] -- Installing: /home/cvl/excavator_ws/install/excavator_description/share/excavator_description/meshes/chassis_boom_link.STL
[0.515s] -- Installing: /home/cvl/excavator_ws/install/excavator_description/share/excavator_description/meshes/stick_bucket_link.STL
[0.515s] -- Installing: /home/cvl/excavator_ws/install/excavator_description/share/excavator_description/meshes/base_link.STL
[0.515s] -- Installing: /home/cvl/excavator_ws/install/excavator_description/share/excavator_description/meshes/base_chassis_link.STL
[0.521s] -- Installing: /home/cvl/excavator_ws/install/excavator_description/share/excavator_description/meshes/boom_stick_link.STL
[0.521s] -- Installing: /home/cvl/excavator_ws/install/excavator_description/share/excavator_description/urdf
[0.521s] -- Installing: /home/cvl/excavator_ws/install/excavator_description/share/excavator_description/urdf/excavator.urdf.xacro
[0.522s] -- Installing: /home/cvl/excavator_ws/install/excavator_description/share/ament_index/resource_index/package_run_dependencies/excavator_description
[0.522s] -- Installing: /home/cvl/excavator_ws/install/excavator_description/share/ament_index/resource_index/parent_prefix_path/excavator_description
[0.522s] -- Installing: /home/cvl/excavator_ws/install/excavator_description/share/excavator_description/environment/ament_prefix_path.sh
[0.522s] -- Installing: /home/cvl/excavator_ws/install/excavator_description/share/excavator_description/environment/ament_prefix_path.dsv
[0.522s] -- Installing: /home/cvl/excavator_ws/install/excavator_description/share/excavator_description/environment/path.sh
[0.522s] -- Installing: /home/cvl/excavator_ws/install/excavator_description/share/excavator_description/environment/path.dsv
[0.522s] -- Installing: /home/cvl/excavator_ws/install/excavator_description/share/excavator_description/local_setup.bash
[0.522s] -- Installing: /home/cvl/excavator_ws/install/excavator_description/share/excavator_description/local_setup.sh
[0.522s] -- Installing: /home/cvl/excavator_ws/install/excavator_description/share/excavator_description/local_setup.zsh
[0.522s] -- Installing: /home/cvl/excavator_ws/install/excavator_description/share/excavator_description/local_setup.dsv
[0.522s] -- Installing: /home/cvl/excavator_ws/install/excavator_description/share/excavator_description/package.dsv
[0.522s] -- Installing: /home/cvl/excavator_ws/install/excavator_description/share/ament_index/resource_index/packages/excavator_description
[0.522s] -- Installing: /home/cvl/excavator_ws/install/excavator_description/share/excavator_description/cmake/excavator_descriptionConfig.cmake
[0.522s] -- Installing: /home/cvl/excavator_ws/install/excavator_description/share/excavator_description/cmake/excavator_descriptionConfig-version.cmake
[0.522s] -- Installing: /home/cvl/excavator_ws/install/excavator_description/share/excavator_description/package.xml
[0.524s] Invoked command in '/home/cvl/excavator_ws/build/excavator_description' returned '0': CMAKE_PREFIX_PATH=/opt/ros/humble /usr/bin/cmake --install /home/cvl/excavator_ws/build/excavator_description
