[0.006s] Invoking command in '/home/cvl/excavator_ws/build/excavator_controller': CMAKE_PREFIX_PATH=/opt/ros/humble /usr/bin/cmake --build /home/cvl/excavator_ws/build/excavator_controller -- -j16 -l16
[0.022s] -- Found ament_cmake: 1.3.11 (/opt/ros/humble/share/ament_cmake/cmake)
[0.102s] -- Found ament_lint_auto: 0.12.11 (/opt/ros/humble/share/ament_lint_auto/cmake)
[0.143s] -- Added test 'flake8' to check Python code syntax and style conventions
[0.143s] -- Added test 'lint_cmake' to check CMake code style
[0.144s] -- Added test 'pep257' to check Python code against some of the docstring style conventions in PEP 257
[0.144s] -- Added test 'xmllint' to check XML markup files
[0.144s] -- Configuring done
[0.146s] -- Generating done
[0.147s] -- Build files have been written to: /home/cvl/excavator_ws/build/excavator_controller
[0.160s] Invoked command in '/home/cvl/excavator_ws/build/excavator_controller' returned '0': CMAKE_PREFIX_PATH=/opt/ros/humble /usr/bin/cmake --build /home/cvl/excavator_ws/build/excavator_controller -- -j16 -l16
[0.162s] Invoking command in '/home/cvl/excavator_ws/build/excavator_controller': CMAKE_PREFIX_PATH=/opt/ros/humble /usr/bin/cmake --install /home/cvl/excavator_ws/build/excavator_controller
[0.166s] -- Install configuration: ""
[0.166s] -- Up-to-date: /home/cvl/excavator_ws/install/excavator_controller/share/excavator_controller/config
[0.166s] -- Up-to-date: /home/cvl/excavator_ws/install/excavator_controller/share/excavator_controller/config/excavator_controllers.yaml
[0.166s] -- Up-to-date: /home/cvl/excavator_ws/install/excavator_controller/share/excavator_controller/launch
[0.166s] -- Up-to-date: /home/cvl/excavator_ws/install/excavator_controller/share/excavator_controller/launch/controller.launch.py
[0.166s] -- Up-to-date: /home/cvl/excavator_ws/install/excavator_controller/share/ament_index/resource_index/package_run_dependencies/excavator_controller
[0.166s] -- Up-to-date: /home/cvl/excavator_ws/install/excavator_controller/share/ament_index/resource_index/parent_prefix_path/excavator_controller
[0.166s] -- Up-to-date: /home/cvl/excavator_ws/install/excavator_controller/share/excavator_controller/environment/ament_prefix_path.sh
[0.166s] -- Installing: /home/cvl/excavator_ws/install/excavator_controller/share/excavator_controller/environment/ament_prefix_path.dsv
[0.166s] -- Up-to-date: /home/cvl/excavator_ws/install/excavator_controller/share/excavator_controller/environment/path.sh
[0.166s] -- Installing: /home/cvl/excavator_ws/install/excavator_controller/share/excavator_controller/environment/path.dsv
[0.166s] -- Up-to-date: /home/cvl/excavator_ws/install/excavator_controller/share/excavator_controller/local_setup.bash
[0.166s] -- Up-to-date: /home/cvl/excavator_ws/install/excavator_controller/share/excavator_controller/local_setup.sh
[0.166s] -- Up-to-date: /home/cvl/excavator_ws/install/excavator_controller/share/excavator_controller/local_setup.zsh
[0.166s] -- Installing: /home/cvl/excavator_ws/install/excavator_controller/share/excavator_controller/local_setup.dsv
[0.166s] -- Installing: /home/cvl/excavator_ws/install/excavator_controller/share/excavator_controller/package.dsv
[0.166s] -- Up-to-date: /home/cvl/excavator_ws/install/excavator_controller/share/ament_index/resource_index/packages/excavator_controller
[0.166s] -- Up-to-date: /home/cvl/excavator_ws/install/excavator_controller/share/excavator_controller/cmake/excavator_controllerConfig.cmake
[0.166s] -- Up-to-date: /home/cvl/excavator_ws/install/excavator_controller/share/excavator_controller/cmake/excavator_controllerConfig-version.cmake
[0.166s] -- Up-to-date: /home/cvl/excavator_ws/install/excavator_controller/share/excavator_controller/package.xml
[0.167s] Invoked command in '/home/cvl/excavator_ws/build/excavator_controller' returned '0': CMAKE_PREFIX_PATH=/opt/ros/humble /usr/bin/cmake --install /home/cvl/excavator_ws/build/excavator_controller
