[0.007s] Invoking command in '/home/cvl/excavator_ws/build/excavator_controller': CMAKE_PREFIX_PATH=/opt/ros/humble /usr/bin/cmake /home/cvl/excavator_ws/src/excavator_controller -DCMAKE_INSTALL_PREFIX=/home/cvl/excavator_ws/install/excavator_controller
[0.042s] -- The C compiler identification is GNU 11.4.0
[0.077s] -- The CXX compiler identification is GNU 11.4.0
[0.082s] -- Detecting C compiler ABI info
[0.124s] -- Detecting C compiler ABI info - done
[0.128s] -- Check for working C compiler: /usr/bin/cc - skipped
[0.129s] -- Detecting C compile features
[0.129s] -- Detecting C compile features - done
[0.131s] -- Detecting CXX compiler ABI info
[0.197s] -- Detecting CXX compiler ABI info - done
[0.201s] -- Check for working CXX compiler: /usr/bin/c++ - skipped
[0.201s] -- Detecting CXX compile features
[0.202s] -- Detecting CXX compile features - done
[0.203s] -- Found ament_cmake: 1.3.11 (/opt/ros/humble/share/ament_cmake/cmake)
[0.306s] -- Found Python3: /usr/bin/python3 (found version "3.10.12") found components: Interpreter 
[0.361s] -- Found ament_lint_auto: 0.12.11 (/opt/ros/humble/share/ament_lint_auto/cmake)
[0.406s] -- Added test 'flake8' to check Python code syntax and style conventions
[0.406s] -- Added test 'lint_cmake' to check CMake code style
[0.406s] -- Added test 'pep257' to check Python code against some of the docstring style conventions in PEP 257
[0.406s] -- Added test 'xmllint' to check XML markup files
[0.407s] -- Configuring done
[0.408s] -- Generating done
[0.409s] -- Build files have been written to: /home/cvl/excavator_ws/build/excavator_controller
[0.413s] Invoked command in '/home/cvl/excavator_ws/build/excavator_controller' returned '0': CMAKE_PREFIX_PATH=/opt/ros/humble /usr/bin/cmake /home/cvl/excavator_ws/src/excavator_controller -DCMAKE_INSTALL_PREFIX=/home/cvl/excavator_ws/install/excavator_controller
[0.413s] Invoking command in '/home/cvl/excavator_ws/build/excavator_controller': CMAKE_PREFIX_PATH=/opt/ros/humble /usr/bin/cmake --build /home/cvl/excavator_ws/build/excavator_controller -- -j16 -l16
[0.443s] Invoked command in '/home/cvl/excavator_ws/build/excavator_controller' returned '0': CMAKE_PREFIX_PATH=/opt/ros/humble /usr/bin/cmake --build /home/cvl/excavator_ws/build/excavator_controller -- -j16 -l16
[0.444s] Invoking command in '/home/cvl/excavator_ws/build/excavator_controller': CMAKE_PREFIX_PATH=/opt/ros/humble /usr/bin/cmake --install /home/cvl/excavator_ws/build/excavator_controller
[0.452s] -- Install configuration: ""
[0.452s] -- Installing: /home/cvl/excavator_ws/install/excavator_controller/share/excavator_controller/config
[0.452s] -- Installing: /home/cvl/excavator_ws/install/excavator_controller/share/excavator_controller/config/excavator_controllers.yaml
[0.452s] -- Installing: /home/cvl/excavator_ws/install/excavator_controller/share/excavator_controller/launch
[0.452s] -- Installing: /home/cvl/excavator_ws/install/excavator_controller/share/excavator_controller/launch/controller.launch.py
[0.453s] -- Installing: /home/cvl/excavator_ws/install/excavator_controller/share/ament_index/resource_index/package_run_dependencies/excavator_controller
[0.453s] -- Installing: /home/cvl/excavator_ws/install/excavator_controller/share/ament_index/resource_index/parent_prefix_path/excavator_controller
[0.453s] -- Installing: /home/cvl/excavator_ws/install/excavator_controller/share/excavator_controller/environment/ament_prefix_path.sh
[0.453s] -- Installing: /home/cvl/excavator_ws/install/excavator_controller/share/excavator_controller/environment/ament_prefix_path.dsv
[0.453s] -- Installing: /home/cvl/excavator_ws/install/excavator_controller/share/excavator_controller/environment/path.sh
[0.453s] -- Installing: /home/cvl/excavator_ws/install/excavator_controller/share/excavator_controller/environment/path.dsv
[0.453s] -- Installing: /home/cvl/excavator_ws/install/excavator_controller/share/excavator_controller/local_setup.bash
[0.453s] -- Installing: /home/cvl/excavator_ws/install/excavator_controller/share/excavator_controller/local_setup.sh
[0.453s] -- Installing: /home/cvl/excavator_ws/install/excavator_controller/share/excavator_controller/local_setup.zsh
[0.454s] -- Installing: /home/cvl/excavator_ws/install/excavator_controller/share/excavator_controller/local_setup.dsv
[0.454s] -- Installing: /home/cvl/excavator_ws/install/excavator_controller/share/excavator_controller/package.dsv
[0.454s] -- Installing: /home/cvl/excavator_ws/install/excavator_controller/share/ament_index/resource_index/packages/excavator_controller
[0.454s] -- Installing: /home/cvl/excavator_ws/install/excavator_controller/share/excavator_controller/cmake/excavator_controllerConfig.cmake
[0.454s] -- Installing: /home/cvl/excavator_ws/install/excavator_controller/share/excavator_controller/cmake/excavator_controllerConfig-version.cmake
[0.454s] -- Installing: /home/cvl/excavator_ws/install/excavator_controller/share/excavator_controller/package.xml
[0.456s] Invoked command in '/home/cvl/excavator_ws/build/excavator_controller' returned '0': CMAKE_PREFIX_PATH=/opt/ros/humble /usr/bin/cmake --install /home/cvl/excavator_ws/build/excavator_controller
