-- Install configuration: ""
-- Up-to-date: /home/cvl/excavator_ws/install/excavator_description/share/excavator_description/meshes
-- Installing: /home/cvl/excavator_ws/install/excavator_description/share/excavator_description/meshes/boom_stick_link.STL
-- Up-to-date: /home/cvl/excavator_ws/install/excavator_description/share/excavator_description/meshes/base_link.STL
-- Installing: /home/cvl/excavator_ws/install/excavator_description/share/excavator_description/meshes/chassis_boom_link.STL
-- Installing: /home/cvl/excavator_ws/install/excavator_description/share/excavator_description/meshes/base_chassis_link.STL
-- Installing: /home/cvl/excavator_ws/install/excavator_description/share/excavator_description/meshes/stick_bucket_link.STL
-- Up-to-date: /home/cvl/excavator_ws/install/excavator_description/share/excavator_description/urdf
-- Installing: /home/cvl/excavator_ws/install/excavator_description/share/excavator_description/urdf/excavator_gazebo.xacro
-- Installing: /home/cvl/excavator_ws/install/excavator_description/share/excavator_description/urdf/excavator.urdf.xacro
-- Installing: /home/cvl/excavator_ws/install/excavator_description/share/excavator_description/urdf/excavator_ros2_control.xacro
-- Up-to-date: /home/cvl/excavator_ws/install/excavator_description/share/excavator_description/launch
-- Up-to-date: /home/cvl/excavator_ws/install/excavator_description/share/excavator_description/launch/gazebo.launch.py
-- Up-to-date: /home/cvl/excavator_ws/install/excavator_description/share/excavator_description/launch/display.launch.py
-- Up-to-date: /home/cvl/excavator_ws/install/excavator_description/share/excavator_description/rviz
-- Up-to-date: /home/cvl/excavator_ws/install/excavator_description/share/excavator_description/rviz/excavator_rviz.rviz
-- Up-to-date: /home/cvl/excavator_ws/install/excavator_description/share/ament_index/resource_index/package_run_dependencies/excavator_description
-- Up-to-date: /home/cvl/excavator_ws/install/excavator_description/share/ament_index/resource_index/parent_prefix_path/excavator_description
-- Up-to-date: /home/cvl/excavator_ws/install/excavator_description/share/excavator_description/environment/ament_prefix_path.sh
-- Up-to-date: /home/cvl/excavator_ws/install/excavator_description/share/excavator_description/environment/ament_prefix_path.dsv
-- Up-to-date: /home/cvl/excavator_ws/install/excavator_description/share/excavator_description/environment/path.sh
-- Up-to-date: /home/cvl/excavator_ws/install/excavator_description/share/excavator_description/environment/path.dsv
-- Up-to-date: /home/cvl/excavator_ws/install/excavator_description/share/excavator_description/local_setup.bash
-- Up-to-date: /home/cvl/excavator_ws/install/excavator_description/share/excavator_description/local_setup.sh
-- Up-to-date: /home/cvl/excavator_ws/install/excavator_description/share/excavator_description/local_setup.zsh
-- Up-to-date: /home/cvl/excavator_ws/install/excavator_description/share/excavator_description/local_setup.dsv
-- Installing: /home/cvl/excavator_ws/install/excavator_description/share/excavator_description/package.dsv
-- Up-to-date: /home/cvl/excavator_ws/install/excavator_description/share/ament_index/resource_index/packages/excavator_description
-- Up-to-date: /home/cvl/excavator_ws/install/excavator_description/share/excavator_description/cmake/excavator_descriptionConfig.cmake
-- Up-to-date: /home/cvl/excavator_ws/install/excavator_description/share/excavator_description/cmake/excavator_descriptionConfig-version.cmake
-- Up-to-date: /home/cvl/excavator_ws/install/excavator_description/share/excavator_description/package.xml
