[0.009s] Invoking command in '/home/cvl/excavator_ws/build/excavator_moveit': CMAKE_PREFIX_PATH=/opt/ros/humble /usr/bin/cmake /home/cvl/excavator_ws/src/excavator_moveit -DCMAKE_INSTALL_PREFIX=/home/cvl/excavator_ws/install/excavator_moveit
[0.046s] -- The C compiler identification is GNU 11.4.0
[0.086s] -- The CXX compiler identification is GNU 11.4.0
[0.091s] -- Detecting C compiler ABI info
[0.140s] -- Detecting C compiler ABI info - done
[0.146s] -- Check for working C compiler: /usr/bin/cc - skipped
[0.146s] -- Detecting C compile features
[0.147s] -- Detecting C compile features - done
[0.149s] -- Detecting CXX compiler ABI info
[0.206s] -- Detecting CXX compiler ABI info - done
[0.211s] -- Check for working CXX compiler: /usr/bin/c++ - skipped
[0.211s] -- Detecting CXX compile features
[0.211s] -- Detecting CXX compile features - done
[0.212s] -- Found ament_cmake: 1.3.11 (/opt/ros/humble/share/ament_cmake/cmake)
[0.319s] -- Found Python3: /usr/bin/python3 (found version "3.10.12") found components: Interpreter 
[0.383s] -- Found ament_lint_auto: 0.12.11 (/opt/ros/humble/share/ament_lint_auto/cmake)
[0.433s] -- Added test 'lint_cmake' to check CMake code style
[0.434s] -- Added test 'xmllint' to check XML markup files
[0.435s] -- Configuring done
[0.436s] -- Generating done
[0.438s] -- Build files have been written to: /home/cvl/excavator_ws/build/excavator_moveit
[0.441s] Invoked command in '/home/cvl/excavator_ws/build/excavator_moveit' returned '0': CMAKE_PREFIX_PATH=/opt/ros/humble /usr/bin/cmake /home/cvl/excavator_ws/src/excavator_moveit -DCMAKE_INSTALL_PREFIX=/home/cvl/excavator_ws/install/excavator_moveit
[0.442s] Invoking command in '/home/cvl/excavator_ws/build/excavator_moveit': CMAKE_PREFIX_PATH=/opt/ros/humble /usr/bin/cmake --build /home/cvl/excavator_ws/build/excavator_moveit -- -j16 -l16
[0.471s] Invoked command in '/home/cvl/excavator_ws/build/excavator_moveit' returned '0': CMAKE_PREFIX_PATH=/opt/ros/humble /usr/bin/cmake --build /home/cvl/excavator_ws/build/excavator_moveit -- -j16 -l16
[0.472s] Invoking command in '/home/cvl/excavator_ws/build/excavator_moveit': CMAKE_PREFIX_PATH=/opt/ros/humble /usr/bin/cmake --install /home/cvl/excavator_ws/build/excavator_moveit
[0.477s] -- Install configuration: ""
[0.477s] -- Installing: /home/cvl/excavator_ws/install/excavator_moveit/share/ament_index/resource_index/package_run_dependencies/excavator_moveit
[0.477s] -- Installing: /home/cvl/excavator_ws/install/excavator_moveit/share/ament_index/resource_index/parent_prefix_path/excavator_moveit
[0.477s] -- Installing: /home/cvl/excavator_ws/install/excavator_moveit/share/excavator_moveit/environment/ament_prefix_path.sh
[0.477s] -- Installing: /home/cvl/excavator_ws/install/excavator_moveit/share/excavator_moveit/environment/ament_prefix_path.dsv
[0.477s] -- Installing: /home/cvl/excavator_ws/install/excavator_moveit/share/excavator_moveit/environment/path.sh
[0.477s] -- Installing: /home/cvl/excavator_ws/install/excavator_moveit/share/excavator_moveit/environment/path.dsv
[0.477s] -- Installing: /home/cvl/excavator_ws/install/excavator_moveit/share/excavator_moveit/local_setup.bash
[0.478s] -- Installing: /home/cvl/excavator_ws/install/excavator_moveit/share/excavator_moveit/local_setup.sh
[0.478s] -- Installing: /home/cvl/excavator_ws/install/excavator_moveit/share/excavator_moveit/local_setup.zsh
[0.478s] -- Installing: /home/cvl/excavator_ws/install/excavator_moveit/share/excavator_moveit/local_setup.dsv
[0.478s] -- Installing: /home/cvl/excavator_ws/install/excavator_moveit/share/excavator_moveit/package.dsv
[0.478s] -- Installing: /home/cvl/excavator_ws/install/excavator_moveit/share/ament_index/resource_index/packages/excavator_moveit
[0.478s] -- Installing: /home/cvl/excavator_ws/install/excavator_moveit/share/excavator_moveit/cmake/excavator_moveitConfig.cmake
[0.478s] -- Installing: /home/cvl/excavator_ws/install/excavator_moveit/share/excavator_moveit/cmake/excavator_moveitConfig-version.cmake
[0.478s] -- Installing: /home/cvl/excavator_ws/install/excavator_moveit/share/excavator_moveit/package.xml
[0.480s] Invoked command in '/home/cvl/excavator_ws/build/excavator_moveit' returned '0': CMAKE_PREFIX_PATH=/opt/ros/humble /usr/bin/cmake --install /home/cvl/excavator_ws/build/excavator_moveit
