[0.073s] DEBUG:colcon:Command line arguments: ['/usr/bin/colcon', 'build']
[0.073s] DEBUG:colcon:Parsed command line arguments: Namespace(log_base=None, log_level=None, verb_name='build', build_base='build', install_base='install', merge_install=False, symlink_install=False, test_result_base=None, continue_on_error=False, executor='parallel', parallel_workers=16, event_handlers=None, ignore_user_meta=False, metas=['./colcon.meta'], base_paths=['.'], packages_ignore=None, packages_ignore_regex=None, paths=None, packages_up_to=None, packages_up_to_regex=None, packages_above=None, packages_above_and_dependencies=None, packages_above_depth=None, packages_select_by_dep=None, packages_skip_by_dep=None, packages_skip_up_to=None, packages_select_build_failed=False, packages_skip_build_finished=False, packages_select_test_failures=False, packages_skip_test_passed=False, packages_select=None, packages_skip=None, packages_select_regex=None, packages_skip_regex=None, packages_start=None, packages_end=None, allow_overriding=[], cmake_args=None, cmake_target=None, cmake_target_skip_unavailable=False, cmake_clean_cache=False, cmake_clean_first=False, cmake_force_configure=False, ament_cmake_args=None, catkin_cmake_args=None, catkin_skip_building_tests=False, mixin_files=None, mixin=None, verb_parser=<colcon_mixin.mixin.mixin_argument.MixinArgumentDecorator object at 0x7c00c030aef0>, verb_extension=<colcon_core.verb.build.BuildVerb object at 0x7c00c030a560>, main=<bound method BuildVerb.main of <colcon_core.verb.build.BuildVerb object at 0x7c00c030a560>>, mixin_verb=('build',))
[0.186s] Level 1:colcon.colcon_core.package_discovery:discover_packages(colcon_meta) check parameters
[0.186s] Level 1:colcon.colcon_core.package_discovery:discover_packages(recursive) check parameters
[0.186s] Level 1:colcon.colcon_core.package_discovery:discover_packages(ignore) check parameters
[0.186s] Level 1:colcon.colcon_core.package_discovery:discover_packages(path) check parameters
[0.186s] Level 1:colcon.colcon_core.package_discovery:discover_packages(colcon_meta) discover
[0.186s] Level 1:colcon.colcon_core.package_discovery:discover_packages(recursive) discover
[0.186s] INFO:colcon.colcon_core.package_discovery:Crawling recursively for packages in '/home/cvl/excavator_ws'
[0.186s] Level 1:colcon.colcon_core.package_identification:_identify(.) by extensions ['ignore', 'ignore_ament_install']
[0.186s] Level 1:colcon.colcon_core.package_identification:_identify(.) by extension 'ignore'
[0.186s] Level 1:colcon.colcon_core.package_identification:_identify(.) by extension 'ignore_ament_install'
[0.186s] Level 1:colcon.colcon_core.package_identification:_identify(.) by extensions ['colcon_pkg']
[0.186s] Level 1:colcon.colcon_core.package_identification:_identify(.) by extension 'colcon_pkg'
[0.186s] Level 1:colcon.colcon_core.package_identification:_identify(.) by extensions ['colcon_meta']
[0.186s] Level 1:colcon.colcon_core.package_identification:_identify(.) by extension 'colcon_meta'
[0.186s] Level 1:colcon.colcon_core.package_identification:_identify(.) by extensions ['ros']
[0.186s] Level 1:colcon.colcon_core.package_identification:_identify(.) by extension 'ros'
[0.198s] Level 1:colcon.colcon_core.package_identification:_identify(.) by extensions ['cmake', 'python']
[0.198s] Level 1:colcon.colcon_core.package_identification:_identify(.) by extension 'cmake'
[0.198s] Level 1:colcon.colcon_core.package_identification:_identify(.) by extension 'python'
[0.199s] Level 1:colcon.colcon_core.package_identification:_identify(.) by extensions ['python_setup_py']
[0.199s] Level 1:colcon.colcon_core.package_identification:_identify(.) by extension 'python_setup_py'
[0.199s] Level 1:colcon.colcon_core.package_identification:_identify(build) by extensions ['ignore', 'ignore_ament_install']
[0.199s] Level 1:colcon.colcon_core.package_identification:_identify(build) by extension 'ignore'
[0.199s] Level 1:colcon.colcon_core.package_identification:_identify(build) ignored
[0.199s] Level 1:colcon.colcon_core.package_identification:_identify(install) by extensions ['ignore', 'ignore_ament_install']
[0.199s] Level 1:colcon.colcon_core.package_identification:_identify(install) by extension 'ignore'
[0.199s] Level 1:colcon.colcon_core.package_identification:_identify(install) ignored
[0.199s] Level 1:colcon.colcon_core.package_identification:_identify(log) by extensions ['ignore', 'ignore_ament_install']
[0.199s] Level 1:colcon.colcon_core.package_identification:_identify(log) by extension 'ignore'
[0.199s] Level 1:colcon.colcon_core.package_identification:_identify(log) ignored
[0.199s] Level 1:colcon.colcon_core.package_identification:_identify(src) by extensions ['ignore', 'ignore_ament_install']
[0.199s] Level 1:colcon.colcon_core.package_identification:_identify(src) by extension 'ignore'
[0.199s] Level 1:colcon.colcon_core.package_identification:_identify(src) by extension 'ignore_ament_install'
[0.199s] Level 1:colcon.colcon_core.package_identification:_identify(src) by extensions ['colcon_pkg']
[0.199s] Level 1:colcon.colcon_core.package_identification:_identify(src) by extension 'colcon_pkg'
[0.199s] Level 1:colcon.colcon_core.package_identification:_identify(src) by extensions ['colcon_meta']
[0.199s] Level 1:colcon.colcon_core.package_identification:_identify(src) by extension 'colcon_meta'
[0.199s] Level 1:colcon.colcon_core.package_identification:_identify(src) by extensions ['ros']
[0.199s] Level 1:colcon.colcon_core.package_identification:_identify(src) by extension 'ros'
[0.199s] Level 1:colcon.colcon_core.package_identification:_identify(src) by extensions ['cmake', 'python']
[0.199s] Level 1:colcon.colcon_core.package_identification:_identify(src) by extension 'cmake'
[0.199s] Level 1:colcon.colcon_core.package_identification:_identify(src) by extension 'python'
[0.199s] Level 1:colcon.colcon_core.package_identification:_identify(src) by extensions ['python_setup_py']
[0.199s] Level 1:colcon.colcon_core.package_identification:_identify(src) by extension 'python_setup_py'
[0.199s] Level 1:colcon.colcon_core.package_identification:_identify(src/excavator_controller) by extensions ['ignore', 'ignore_ament_install']
[0.199s] Level 1:colcon.colcon_core.package_identification:_identify(src/excavator_controller) by extension 'ignore'
[0.199s] Level 1:colcon.colcon_core.package_identification:_identify(src/excavator_controller) by extension 'ignore_ament_install'
[0.200s] Level 1:colcon.colcon_core.package_identification:_identify(src/excavator_controller) by extensions ['colcon_pkg']
[0.200s] Level 1:colcon.colcon_core.package_identification:_identify(src/excavator_controller) by extension 'colcon_pkg'
[0.200s] Level 1:colcon.colcon_core.package_identification:_identify(src/excavator_controller) by extensions ['colcon_meta']
[0.200s] Level 1:colcon.colcon_core.package_identification:_identify(src/excavator_controller) by extension 'colcon_meta'
[0.200s] Level 1:colcon.colcon_core.package_identification:_identify(src/excavator_controller) by extensions ['ros']
[0.200s] Level 1:colcon.colcon_core.package_identification:_identify(src/excavator_controller) by extension 'ros'
[0.201s] DEBUG:colcon.colcon_core.package_identification:Package 'src/excavator_controller' with type 'ros.ament_cmake' and name 'excavator_controller'
[0.201s] Level 1:colcon.colcon_core.package_identification:_identify(src/excavator_description) by extensions ['ignore', 'ignore_ament_install']
[0.201s] Level 1:colcon.colcon_core.package_identification:_identify(src/excavator_description) by extension 'ignore'
[0.201s] Level 1:colcon.colcon_core.package_identification:_identify(src/excavator_description) by extension 'ignore_ament_install'
[0.201s] Level 1:colcon.colcon_core.package_identification:_identify(src/excavator_description) by extensions ['colcon_pkg']
[0.201s] Level 1:colcon.colcon_core.package_identification:_identify(src/excavator_description) by extension 'colcon_pkg'
[0.201s] Level 1:colcon.colcon_core.package_identification:_identify(src/excavator_description) by extensions ['colcon_meta']
[0.201s] Level 1:colcon.colcon_core.package_identification:_identify(src/excavator_description) by extension 'colcon_meta'
[0.201s] Level 1:colcon.colcon_core.package_identification:_identify(src/excavator_description) by extensions ['ros']
[0.201s] Level 1:colcon.colcon_core.package_identification:_identify(src/excavator_description) by extension 'ros'
[0.202s] DEBUG:colcon.colcon_core.package_identification:Package 'src/excavator_description' with type 'ros.ament_cmake' and name 'excavator_description'
[0.202s] Level 1:colcon.colcon_core.package_identification:_identify(src/excavator_moveit) by extensions ['ignore', 'ignore_ament_install']
[0.202s] Level 1:colcon.colcon_core.package_identification:_identify(src/excavator_moveit) by extension 'ignore'
[0.202s] Level 1:colcon.colcon_core.package_identification:_identify(src/excavator_moveit) by extension 'ignore_ament_install'
[0.202s] Level 1:colcon.colcon_core.package_identification:_identify(src/excavator_moveit) by extensions ['colcon_pkg']
[0.202s] Level 1:colcon.colcon_core.package_identification:_identify(src/excavator_moveit) by extension 'colcon_pkg'
[0.202s] Level 1:colcon.colcon_core.package_identification:_identify(src/excavator_moveit) by extensions ['colcon_meta']
[0.202s] Level 1:colcon.colcon_core.package_identification:_identify(src/excavator_moveit) by extension 'colcon_meta'
[0.202s] Level 1:colcon.colcon_core.package_identification:_identify(src/excavator_moveit) by extensions ['ros']
[0.202s] Level 1:colcon.colcon_core.package_identification:_identify(src/excavator_moveit) by extension 'ros'
[0.202s] DEBUG:colcon.colcon_core.package_identification:Package 'src/excavator_moveit' with type 'ros.ament_cmake' and name 'excavator_moveit'
[0.202s] Level 1:colcon.colcon_core.package_discovery:discover_packages(recursive) using defaults
[0.202s] Level 1:colcon.colcon_core.package_discovery:discover_packages(ignore) discover
[0.202s] Level 1:colcon.colcon_core.package_discovery:discover_packages(ignore) using defaults
[0.202s] Level 1:colcon.colcon_core.package_discovery:discover_packages(path) discover
[0.202s] Level 1:colcon.colcon_core.package_discovery:discover_packages(path) using defaults
[0.215s] Level 1:colcon.colcon_core.package_discovery:discover_packages(prefix_path) check parameters
[0.215s] Level 1:colcon.colcon_core.package_discovery:discover_packages(prefix_path) discover
[0.216s] DEBUG:colcon.colcon_installed_package_information.package_discovery:Found 3 installed packages in /home/cvl/excavator_ws/install
[0.217s] DEBUG:colcon.colcon_installed_package_information.package_discovery:Found 402 installed packages in /opt/ros/humble
[0.218s] Level 1:colcon.colcon_core.package_discovery:discover_packages(prefix_path) using defaults
[0.248s] Level 5:colcon.colcon_core.verb:set package 'excavator_controller' build argument 'cmake_args' from command line to 'None'
[0.248s] Level 5:colcon.colcon_core.verb:set package 'excavator_controller' build argument 'cmake_target' from command line to 'None'
[0.248s] Level 5:colcon.colcon_core.verb:set package 'excavator_controller' build argument 'cmake_target_skip_unavailable' from command line to 'False'
[0.248s] Level 5:colcon.colcon_core.verb:set package 'excavator_controller' build argument 'cmake_clean_cache' from command line to 'False'
[0.248s] Level 5:colcon.colcon_core.verb:set package 'excavator_controller' build argument 'cmake_clean_first' from command line to 'False'
[0.248s] Level 5:colcon.colcon_core.verb:set package 'excavator_controller' build argument 'cmake_force_configure' from command line to 'False'
[0.248s] Level 5:colcon.colcon_core.verb:set package 'excavator_controller' build argument 'ament_cmake_args' from command line to 'None'
[0.248s] Level 5:colcon.colcon_core.verb:set package 'excavator_controller' build argument 'catkin_cmake_args' from command line to 'None'
[0.248s] Level 5:colcon.colcon_core.verb:set package 'excavator_controller' build argument 'catkin_skip_building_tests' from command line to 'False'
[0.248s] DEBUG:colcon.colcon_core.verb:Building package 'excavator_controller' with the following arguments: {'ament_cmake_args': None, 'build_base': '/home/cvl/excavator_ws/build/excavator_controller', 'catkin_cmake_args': None, 'catkin_skip_building_tests': False, 'cmake_args': None, 'cmake_clean_cache': False, 'cmake_clean_first': False, 'cmake_force_configure': False, 'cmake_target': None, 'cmake_target_skip_unavailable': False, 'install_base': '/home/cvl/excavator_ws/install/excavator_controller', 'merge_install': False, 'path': '/home/cvl/excavator_ws/src/excavator_controller', 'symlink_install': False, 'test_result_base': None}
[0.248s] Level 5:colcon.colcon_core.verb:set package 'excavator_description' build argument 'cmake_args' from command line to 'None'
[0.248s] Level 5:colcon.colcon_core.verb:set package 'excavator_description' build argument 'cmake_target' from command line to 'None'
[0.248s] Level 5:colcon.colcon_core.verb:set package 'excavator_description' build argument 'cmake_target_skip_unavailable' from command line to 'False'
[0.248s] Level 5:colcon.colcon_core.verb:set package 'excavator_description' build argument 'cmake_clean_cache' from command line to 'False'
[0.249s] Level 5:colcon.colcon_core.verb:set package 'excavator_description' build argument 'cmake_clean_first' from command line to 'False'
[0.249s] Level 5:colcon.colcon_core.verb:set package 'excavator_description' build argument 'cmake_force_configure' from command line to 'False'
[0.249s] Level 5:colcon.colcon_core.verb:set package 'excavator_description' build argument 'ament_cmake_args' from command line to 'None'
[0.249s] Level 5:colcon.colcon_core.verb:set package 'excavator_description' build argument 'catkin_cmake_args' from command line to 'None'
[0.249s] Level 5:colcon.colcon_core.verb:set package 'excavator_description' build argument 'catkin_skip_building_tests' from command line to 'False'
[0.249s] DEBUG:colcon.colcon_core.verb:Building package 'excavator_description' with the following arguments: {'ament_cmake_args': None, 'build_base': '/home/cvl/excavator_ws/build/excavator_description', 'catkin_cmake_args': None, 'catkin_skip_building_tests': False, 'cmake_args': None, 'cmake_clean_cache': False, 'cmake_clean_first': False, 'cmake_force_configure': False, 'cmake_target': None, 'cmake_target_skip_unavailable': False, 'install_base': '/home/cvl/excavator_ws/install/excavator_description', 'merge_install': False, 'path': '/home/cvl/excavator_ws/src/excavator_description', 'symlink_install': False, 'test_result_base': None}
[0.249s] Level 5:colcon.colcon_core.verb:set package 'excavator_moveit' build argument 'cmake_args' from command line to 'None'
[0.249s] Level 5:colcon.colcon_core.verb:set package 'excavator_moveit' build argument 'cmake_target' from command line to 'None'
[0.249s] Level 5:colcon.colcon_core.verb:set package 'excavator_moveit' build argument 'cmake_target_skip_unavailable' from command line to 'False'
[0.249s] Level 5:colcon.colcon_core.verb:set package 'excavator_moveit' build argument 'cmake_clean_cache' from command line to 'False'
[0.249s] Level 5:colcon.colcon_core.verb:set package 'excavator_moveit' build argument 'cmake_clean_first' from command line to 'False'
[0.249s] Level 5:colcon.colcon_core.verb:set package 'excavator_moveit' build argument 'cmake_force_configure' from command line to 'False'
[0.249s] Level 5:colcon.colcon_core.verb:set package 'excavator_moveit' build argument 'ament_cmake_args' from command line to 'None'
[0.249s] Level 5:colcon.colcon_core.verb:set package 'excavator_moveit' build argument 'catkin_cmake_args' from command line to 'None'
[0.249s] Level 5:colcon.colcon_core.verb:set package 'excavator_moveit' build argument 'catkin_skip_building_tests' from command line to 'False'
[0.249s] DEBUG:colcon.colcon_core.verb:Building package 'excavator_moveit' with the following arguments: {'ament_cmake_args': None, 'build_base': '/home/cvl/excavator_ws/build/excavator_moveit', 'catkin_cmake_args': None, 'catkin_skip_building_tests': False, 'cmake_args': None, 'cmake_clean_cache': False, 'cmake_clean_first': False, 'cmake_force_configure': False, 'cmake_target': None, 'cmake_target_skip_unavailable': False, 'install_base': '/home/cvl/excavator_ws/install/excavator_moveit', 'merge_install': False, 'path': '/home/cvl/excavator_ws/src/excavator_moveit', 'symlink_install': False, 'test_result_base': None}
[0.249s] INFO:colcon.colcon_core.executor:Executing jobs using 'parallel' executor
[0.250s] DEBUG:colcon.colcon_parallel_executor.executor.parallel:run_until_complete
[0.250s] INFO:colcon.colcon_ros.task.ament_cmake.build:Building ROS package in '/home/cvl/excavator_ws/src/excavator_description' with build type 'ament_cmake'
[0.250s] INFO:colcon.colcon_cmake.task.cmake.build:Building CMake package in '/home/cvl/excavator_ws/src/excavator_description'
[0.251s] INFO:colcon.colcon_core.plugin_system:Skipping extension 'colcon_core.shell.bat': Not used on non-Windows systems
[0.251s] INFO:colcon.colcon_core.shell:Skip shell extension 'powershell' for command environment: Not usable outside of PowerShell
[0.251s] DEBUG:colcon.colcon_core.shell:Skip shell extension 'dsv' for command environment
[0.254s] INFO:colcon.colcon_ros.task.ament_cmake.build:Building ROS package in '/home/cvl/excavator_ws/src/excavator_controller' with build type 'ament_cmake'
[0.254s] INFO:colcon.colcon_cmake.task.cmake.build:Building CMake package in '/home/cvl/excavator_ws/src/excavator_controller'
[0.254s] INFO:colcon.colcon_core.shell:Skip shell extension 'powershell' for command environment: Not usable outside of PowerShell
[0.254s] DEBUG:colcon.colcon_core.shell:Skip shell extension 'dsv' for command environment
[0.259s] DEBUG:colcon.colcon_core.event_handler.log_command:Invoking command in '/home/cvl/excavator_ws/build/excavator_description': CMAKE_PREFIX_PATH=${CMAKE_PREFIX_PATH}:/opt/ros/humble /usr/bin/cmake --build /home/cvl/excavator_ws/build/excavator_description -- -j16 -l16
[0.261s] DEBUG:colcon.colcon_core.event_handler.log_command:Invoking command in '/home/cvl/excavator_ws/build/excavator_controller': CMAKE_PREFIX_PATH=${CMAKE_PREFIX_PATH}:/opt/ros/humble /usr/bin/cmake --build /home/cvl/excavator_ws/build/excavator_controller -- -j16 -l16
[0.285s] DEBUG:colcon.colcon_core.event_handler.log_command:Invoked command in '/home/cvl/excavator_ws/build/excavator_description' returned '0': CMAKE_PREFIX_PATH=${CMAKE_PREFIX_PATH}:/opt/ros/humble /usr/bin/cmake --build /home/cvl/excavator_ws/build/excavator_description -- -j16 -l16
[0.292s] DEBUG:colcon.colcon_core.event_handler.log_command:Invoking command in '/home/cvl/excavator_ws/build/excavator_description': CMAKE_PREFIX_PATH=${CMAKE_PREFIX_PATH}:/opt/ros/humble /usr/bin/cmake --install /home/cvl/excavator_ws/build/excavator_description
[0.292s] DEBUG:colcon.colcon_core.event_handler.log_command:Invoked command in '/home/cvl/excavator_ws/build/excavator_controller' returned '0': CMAKE_PREFIX_PATH=${CMAKE_PREFIX_PATH}:/opt/ros/humble /usr/bin/cmake --build /home/cvl/excavator_ws/build/excavator_controller -- -j16 -l16
[0.293s] DEBUG:colcon.colcon_core.event_handler.log_command:Invoking command in '/home/cvl/excavator_ws/build/excavator_controller': CMAKE_PREFIX_PATH=${CMAKE_PREFIX_PATH}:/opt/ros/humble /usr/bin/cmake --install /home/cvl/excavator_ws/build/excavator_controller
[0.298s] Level 1:colcon.colcon_core.environment:create_environment_scripts_only(excavator_description)
[0.298s] DEBUG:colcon.colcon_core.event_handler.log_command:Invoked command in '/home/cvl/excavator_ws/build/excavator_description' returned '0': CMAKE_PREFIX_PATH=${CMAKE_PREFIX_PATH}:/opt/ros/humble /usr/bin/cmake --install /home/cvl/excavator_ws/build/excavator_description
[0.300s] Level 1:colcon.colcon_core.environment:checking '/home/cvl/excavator_ws/install/excavator_description' for CMake module files
[0.301s] Level 1:colcon.colcon_core.environment:checking '/home/cvl/excavator_ws/install/excavator_description' for CMake config files
[0.301s] Level 1:colcon.colcon_core.shell:create_environment_hook('excavator_description', 'cmake_prefix_path')
[0.301s] INFO:colcon.colcon_core.shell:Creating environment hook '/home/cvl/excavator_ws/install/excavator_description/share/excavator_description/hook/cmake_prefix_path.ps1'
[0.301s] INFO:colcon.colcon_core.shell:Creating environment descriptor '/home/cvl/excavator_ws/install/excavator_description/share/excavator_description/hook/cmake_prefix_path.dsv'
[0.302s] INFO:colcon.colcon_core.shell:Creating environment hook '/home/cvl/excavator_ws/install/excavator_description/share/excavator_description/hook/cmake_prefix_path.sh'
[0.302s] Level 1:colcon.colcon_core.environment:checking '/home/cvl/excavator_ws/install/excavator_description/bin'
[0.302s] Level 1:colcon.colcon_core.environment:checking '/home/cvl/excavator_ws/install/excavator_description/lib/pkgconfig/excavator_description.pc'
[0.303s] Level 1:colcon.colcon_core.environment:checking '/home/cvl/excavator_ws/install/excavator_description/lib/python3.10/site-packages'
[0.303s] Level 1:colcon.colcon_core.environment:checking '/home/cvl/excavator_ws/install/excavator_description/bin'
[0.303s] INFO:colcon.colcon_core.shell:Creating package script '/home/cvl/excavator_ws/install/excavator_description/share/excavator_description/package.ps1'
[0.303s] INFO:colcon.colcon_core.shell:Creating package descriptor '/home/cvl/excavator_ws/install/excavator_description/share/excavator_description/package.dsv'
[0.304s] INFO:colcon.colcon_core.shell:Creating package script '/home/cvl/excavator_ws/install/excavator_description/share/excavator_description/package.sh'
[0.304s] INFO:colcon.colcon_core.shell:Creating package script '/home/cvl/excavator_ws/install/excavator_description/share/excavator_description/package.bash'
[0.305s] INFO:colcon.colcon_core.shell:Creating package script '/home/cvl/excavator_ws/install/excavator_description/share/excavator_description/package.zsh'
[0.305s] Level 1:colcon.colcon_core.environment:create_file_with_runtime_dependencies(/home/cvl/excavator_ws/install/excavator_description/share/colcon-core/packages/excavator_description)
[0.305s] Level 1:colcon.colcon_core.environment:create_environment_scripts_only(excavator_description)
[0.305s] Level 1:colcon.colcon_core.environment:checking '/home/cvl/excavator_ws/install/excavator_description' for CMake module files
[0.306s] Level 1:colcon.colcon_core.environment:checking '/home/cvl/excavator_ws/install/excavator_description' for CMake config files
[0.306s] Level 1:colcon.colcon_core.shell:create_environment_hook('excavator_description', 'cmake_prefix_path')
[0.306s] INFO:colcon.colcon_core.shell:Creating environment hook '/home/cvl/excavator_ws/install/excavator_description/share/excavator_description/hook/cmake_prefix_path.ps1'
[0.306s] INFO:colcon.colcon_core.shell:Creating environment descriptor '/home/cvl/excavator_ws/install/excavator_description/share/excavator_description/hook/cmake_prefix_path.dsv'
[0.306s] INFO:colcon.colcon_core.shell:Creating environment hook '/home/cvl/excavator_ws/install/excavator_description/share/excavator_description/hook/cmake_prefix_path.sh'
[0.307s] Level 1:colcon.colcon_core.environment:checking '/home/cvl/excavator_ws/install/excavator_description/bin'
[0.307s] Level 1:colcon.colcon_core.environment:checking '/home/cvl/excavator_ws/install/excavator_description/lib/pkgconfig/excavator_description.pc'
[0.307s] Level 1:colcon.colcon_core.environment:checking '/home/cvl/excavator_ws/install/excavator_description/lib/python3.10/site-packages'
[0.307s] Level 1:colcon.colcon_core.environment:checking '/home/cvl/excavator_ws/install/excavator_description/bin'
[0.307s] INFO:colcon.colcon_core.shell:Creating package script '/home/cvl/excavator_ws/install/excavator_description/share/excavator_description/package.ps1'
[0.307s] INFO:colcon.colcon_core.shell:Creating package descriptor '/home/cvl/excavator_ws/install/excavator_description/share/excavator_description/package.dsv'
[0.308s] INFO:colcon.colcon_core.shell:Creating package script '/home/cvl/excavator_ws/install/excavator_description/share/excavator_description/package.sh'
[0.308s] INFO:colcon.colcon_core.shell:Creating package script '/home/cvl/excavator_ws/install/excavator_description/share/excavator_description/package.bash'
[0.308s] INFO:colcon.colcon_core.shell:Creating package script '/home/cvl/excavator_ws/install/excavator_description/share/excavator_description/package.zsh'
[0.308s] Level 1:colcon.colcon_core.environment:create_file_with_runtime_dependencies(/home/cvl/excavator_ws/install/excavator_description/share/colcon-core/packages/excavator_description)
[0.309s] INFO:colcon.colcon_ros.task.ament_cmake.build:Building ROS package in '/home/cvl/excavator_ws/src/excavator_moveit' with build type 'ament_cmake'
[0.309s] INFO:colcon.colcon_cmake.task.cmake.build:Building CMake package in '/home/cvl/excavator_ws/src/excavator_moveit'
[0.309s] INFO:colcon.colcon_core.shell:Skip shell extension 'powershell' for command environment: Not usable outside of PowerShell
[0.309s] DEBUG:colcon.colcon_core.shell:Skip shell extension 'dsv' for command environment
[0.311s] Level 1:colcon.colcon_core.environment:create_environment_scripts_only(excavator_controller)
[0.312s] Level 1:colcon.colcon_core.environment:checking '/home/cvl/excavator_ws/install/excavator_controller' for CMake module files
[0.312s] DEBUG:colcon.colcon_core.event_handler.log_command:Invoked command in '/home/cvl/excavator_ws/build/excavator_controller' returned '0': CMAKE_PREFIX_PATH=${CMAKE_PREFIX_PATH}:/opt/ros/humble /usr/bin/cmake --install /home/cvl/excavator_ws/build/excavator_controller
[0.312s] Level 1:colcon.colcon_core.environment:checking '/home/cvl/excavator_ws/install/excavator_controller' for CMake config files
[0.312s] Level 1:colcon.colcon_core.shell:create_environment_hook('excavator_controller', 'cmake_prefix_path')
[0.312s] INFO:colcon.colcon_core.shell:Creating environment hook '/home/cvl/excavator_ws/install/excavator_controller/share/excavator_controller/hook/cmake_prefix_path.ps1'
[0.313s] INFO:colcon.colcon_core.shell:Creating environment descriptor '/home/cvl/excavator_ws/install/excavator_controller/share/excavator_controller/hook/cmake_prefix_path.dsv'
[0.313s] INFO:colcon.colcon_core.shell:Creating environment hook '/home/cvl/excavator_ws/install/excavator_controller/share/excavator_controller/hook/cmake_prefix_path.sh'
[0.313s] Level 1:colcon.colcon_core.environment:checking '/home/cvl/excavator_ws/install/excavator_controller/bin'
[0.313s] Level 1:colcon.colcon_core.environment:checking '/home/cvl/excavator_ws/install/excavator_controller/lib/pkgconfig/excavator_controller.pc'
[0.313s] Level 1:colcon.colcon_core.environment:checking '/home/cvl/excavator_ws/install/excavator_controller/lib/python3.10/site-packages'
[0.313s] Level 1:colcon.colcon_core.environment:checking '/home/cvl/excavator_ws/install/excavator_controller/bin'
[0.313s] INFO:colcon.colcon_core.shell:Creating package script '/home/cvl/excavator_ws/install/excavator_controller/share/excavator_controller/package.ps1'
[0.314s] INFO:colcon.colcon_core.shell:Creating package descriptor '/home/cvl/excavator_ws/install/excavator_controller/share/excavator_controller/package.dsv'
[0.314s] INFO:colcon.colcon_core.shell:Creating package script '/home/cvl/excavator_ws/install/excavator_controller/share/excavator_controller/package.sh'
[0.314s] INFO:colcon.colcon_core.shell:Creating package script '/home/cvl/excavator_ws/install/excavator_controller/share/excavator_controller/package.bash'
[0.314s] INFO:colcon.colcon_core.shell:Creating package script '/home/cvl/excavator_ws/install/excavator_controller/share/excavator_controller/package.zsh'
[0.315s] Level 1:colcon.colcon_core.environment:create_file_with_runtime_dependencies(/home/cvl/excavator_ws/install/excavator_controller/share/colcon-core/packages/excavator_controller)
[0.315s] Level 1:colcon.colcon_core.environment:create_environment_scripts_only(excavator_controller)
[0.315s] Level 1:colcon.colcon_core.environment:checking '/home/cvl/excavator_ws/install/excavator_controller' for CMake module files
[0.315s] Level 1:colcon.colcon_core.environment:checking '/home/cvl/excavator_ws/install/excavator_controller' for CMake config files
[0.315s] Level 1:colcon.colcon_core.shell:create_environment_hook('excavator_controller', 'cmake_prefix_path')
[0.315s] INFO:colcon.colcon_core.shell:Creating environment hook '/home/cvl/excavator_ws/install/excavator_controller/share/excavator_controller/hook/cmake_prefix_path.ps1'
[0.316s] INFO:colcon.colcon_core.shell:Creating environment descriptor '/home/cvl/excavator_ws/install/excavator_controller/share/excavator_controller/hook/cmake_prefix_path.dsv'
[0.316s] INFO:colcon.colcon_core.shell:Creating environment hook '/home/cvl/excavator_ws/install/excavator_controller/share/excavator_controller/hook/cmake_prefix_path.sh'
[0.316s] Level 1:colcon.colcon_core.environment:checking '/home/cvl/excavator_ws/install/excavator_controller/bin'
[0.316s] Level 1:colcon.colcon_core.environment:checking '/home/cvl/excavator_ws/install/excavator_controller/lib/pkgconfig/excavator_controller.pc'
[0.316s] Level 1:colcon.colcon_core.environment:checking '/home/cvl/excavator_ws/install/excavator_controller/lib/python3.10/site-packages'
[0.316s] Level 1:colcon.colcon_core.environment:checking '/home/cvl/excavator_ws/install/excavator_controller/bin'
[0.317s] INFO:colcon.colcon_core.shell:Creating package script '/home/cvl/excavator_ws/install/excavator_controller/share/excavator_controller/package.ps1'
[0.317s] INFO:colcon.colcon_core.shell:Creating package descriptor '/home/cvl/excavator_ws/install/excavator_controller/share/excavator_controller/package.dsv'
[0.317s] INFO:colcon.colcon_core.shell:Creating package script '/home/cvl/excavator_ws/install/excavator_controller/share/excavator_controller/package.sh'
[0.317s] INFO:colcon.colcon_core.shell:Creating package script '/home/cvl/excavator_ws/install/excavator_controller/share/excavator_controller/package.bash'
[0.318s] INFO:colcon.colcon_core.shell:Creating package script '/home/cvl/excavator_ws/install/excavator_controller/share/excavator_controller/package.zsh'
[0.318s] Level 1:colcon.colcon_core.environment:create_file_with_runtime_dependencies(/home/cvl/excavator_ws/install/excavator_controller/share/colcon-core/packages/excavator_controller)
[0.320s] DEBUG:colcon.colcon_core.event_handler.log_command:Invoking command in '/home/cvl/excavator_ws/build/excavator_moveit': CMAKE_PREFIX_PATH=/home/cvl/excavator_ws/install/excavator_description:/home/cvl/excavator_ws/install/excavator_moveit:/home/cvl/excavator_ws/install/excavator_controller:/opt/ros/humble /usr/bin/cmake --build /home/cvl/excavator_ws/build/excavator_moveit -- -j16 -l16
[0.471s] DEBUG:colcon.colcon_core.event_handler.log_command:Invoked command in '/home/cvl/excavator_ws/build/excavator_moveit' returned '0': CMAKE_PREFIX_PATH=/home/cvl/excavator_ws/install/excavator_description:/home/cvl/excavator_ws/install/excavator_moveit:/home/cvl/excavator_ws/install/excavator_controller:/opt/ros/humble /usr/bin/cmake --build /home/cvl/excavator_ws/build/excavator_moveit -- -j16 -l16
[0.472s] DEBUG:colcon.colcon_core.event_handler.log_command:Invoking command in '/home/cvl/excavator_ws/build/excavator_moveit': CMAKE_PREFIX_PATH=/home/cvl/excavator_ws/install/excavator_description:/home/cvl/excavator_ws/install/excavator_moveit:/home/cvl/excavator_ws/install/excavator_controller:/opt/ros/humble /usr/bin/cmake --install /home/cvl/excavator_ws/build/excavator_moveit
[0.479s] Level 1:colcon.colcon_core.environment:create_environment_scripts_only(excavator_moveit)
[0.479s] Level 1:colcon.colcon_core.environment:checking '/home/cvl/excavator_ws/install/excavator_moveit' for CMake module files
[0.480s] DEBUG:colcon.colcon_core.event_handler.log_command:Invoked command in '/home/cvl/excavator_ws/build/excavator_moveit' returned '0': CMAKE_PREFIX_PATH=/home/cvl/excavator_ws/install/excavator_description:/home/cvl/excavator_ws/install/excavator_moveit:/home/cvl/excavator_ws/install/excavator_controller:/opt/ros/humble /usr/bin/cmake --install /home/cvl/excavator_ws/build/excavator_moveit
[0.480s] Level 1:colcon.colcon_core.environment:checking '/home/cvl/excavator_ws/install/excavator_moveit' for CMake config files
[0.480s] Level 1:colcon.colcon_core.shell:create_environment_hook('excavator_moveit', 'cmake_prefix_path')
[0.480s] INFO:colcon.colcon_core.shell:Creating environment hook '/home/cvl/excavator_ws/install/excavator_moveit/share/excavator_moveit/hook/cmake_prefix_path.ps1'
[0.481s] INFO:colcon.colcon_core.shell:Creating environment descriptor '/home/cvl/excavator_ws/install/excavator_moveit/share/excavator_moveit/hook/cmake_prefix_path.dsv'
[0.481s] INFO:colcon.colcon_core.shell:Creating environment hook '/home/cvl/excavator_ws/install/excavator_moveit/share/excavator_moveit/hook/cmake_prefix_path.sh'
[0.481s] Level 1:colcon.colcon_core.environment:checking '/home/cvl/excavator_ws/install/excavator_moveit/bin'
[0.481s] Level 1:colcon.colcon_core.environment:checking '/home/cvl/excavator_ws/install/excavator_moveit/lib/pkgconfig/excavator_moveit.pc'
[0.481s] Level 1:colcon.colcon_core.environment:checking '/home/cvl/excavator_ws/install/excavator_moveit/lib/python3.10/site-packages'
[0.482s] Level 1:colcon.colcon_core.environment:checking '/home/cvl/excavator_ws/install/excavator_moveit/bin'
[0.482s] INFO:colcon.colcon_core.shell:Creating package script '/home/cvl/excavator_ws/install/excavator_moveit/share/excavator_moveit/package.ps1'
[0.482s] INFO:colcon.colcon_core.shell:Creating package descriptor '/home/cvl/excavator_ws/install/excavator_moveit/share/excavator_moveit/package.dsv'
[0.482s] INFO:colcon.colcon_core.shell:Creating package script '/home/cvl/excavator_ws/install/excavator_moveit/share/excavator_moveit/package.sh'
[0.482s] INFO:colcon.colcon_core.shell:Creating package script '/home/cvl/excavator_ws/install/excavator_moveit/share/excavator_moveit/package.bash'
[0.483s] INFO:colcon.colcon_core.shell:Creating package script '/home/cvl/excavator_ws/install/excavator_moveit/share/excavator_moveit/package.zsh'
[0.483s] Level 1:colcon.colcon_core.environment:create_file_with_runtime_dependencies(/home/cvl/excavator_ws/install/excavator_moveit/share/colcon-core/packages/excavator_moveit)
[0.483s] Level 1:colcon.colcon_core.environment:create_environment_scripts_only(excavator_moveit)
[0.483s] Level 1:colcon.colcon_core.environment:checking '/home/cvl/excavator_ws/install/excavator_moveit' for CMake module files
[0.484s] Level 1:colcon.colcon_core.environment:checking '/home/cvl/excavator_ws/install/excavator_moveit' for CMake config files
[0.484s] Level 1:colcon.colcon_core.shell:create_environment_hook('excavator_moveit', 'cmake_prefix_path')
[0.484s] INFO:colcon.colcon_core.shell:Creating environment hook '/home/cvl/excavator_ws/install/excavator_moveit/share/excavator_moveit/hook/cmake_prefix_path.ps1'
[0.484s] INFO:colcon.colcon_core.shell:Creating environment descriptor '/home/cvl/excavator_ws/install/excavator_moveit/share/excavator_moveit/hook/cmake_prefix_path.dsv'
[0.484s] INFO:colcon.colcon_core.shell:Creating environment hook '/home/cvl/excavator_ws/install/excavator_moveit/share/excavator_moveit/hook/cmake_prefix_path.sh'
[0.484s] Level 1:colcon.colcon_core.environment:checking '/home/cvl/excavator_ws/install/excavator_moveit/bin'
[0.485s] Level 1:colcon.colcon_core.environment:checking '/home/cvl/excavator_ws/install/excavator_moveit/lib/pkgconfig/excavator_moveit.pc'
[0.485s] Level 1:colcon.colcon_core.environment:checking '/home/cvl/excavator_ws/install/excavator_moveit/lib/python3.10/site-packages'
[0.485s] Level 1:colcon.colcon_core.environment:checking '/home/cvl/excavator_ws/install/excavator_moveit/bin'
[0.485s] INFO:colcon.colcon_core.shell:Creating package script '/home/cvl/excavator_ws/install/excavator_moveit/share/excavator_moveit/package.ps1'
[0.485s] INFO:colcon.colcon_core.shell:Creating package descriptor '/home/cvl/excavator_ws/install/excavator_moveit/share/excavator_moveit/package.dsv'
[0.485s] INFO:colcon.colcon_core.shell:Creating package script '/home/cvl/excavator_ws/install/excavator_moveit/share/excavator_moveit/package.sh'
[0.486s] INFO:colcon.colcon_core.shell:Creating package script '/home/cvl/excavator_ws/install/excavator_moveit/share/excavator_moveit/package.bash'
[0.486s] INFO:colcon.colcon_core.shell:Creating package script '/home/cvl/excavator_ws/install/excavator_moveit/share/excavator_moveit/package.zsh'
[0.486s] Level 1:colcon.colcon_core.environment:create_file_with_runtime_dependencies(/home/cvl/excavator_ws/install/excavator_moveit/share/colcon-core/packages/excavator_moveit)
[0.487s] DEBUG:colcon.colcon_parallel_executor.executor.parallel:closing loop
[0.487s] DEBUG:colcon.colcon_parallel_executor.executor.parallel:loop closed
[0.487s] DEBUG:colcon.colcon_parallel_executor.executor.parallel:run_until_complete finished with '0'
[0.487s] DEBUG:colcon.colcon_core.event_reactor:joining thread
[0.490s] INFO:colcon.colcon_core.plugin_system:Skipping extension 'colcon_notification.desktop_notification.terminal_notifier': Not used on non-Darwin systems
[0.490s] INFO:colcon.colcon_core.plugin_system:Skipping extension 'colcon_notification.desktop_notification.win32': Not used on non-Windows systems
[0.490s] INFO:colcon.colcon_notification.desktop_notification:Sending desktop notification using 'notify2'
[0.501s] DEBUG:colcon.colcon_core.event_reactor:joined thread
[0.501s] INFO:colcon.colcon_core.shell:Creating prefix script '/home/cvl/excavator_ws/install/local_setup.ps1'
[0.502s] INFO:colcon.colcon_core.shell:Creating prefix util module '/home/cvl/excavator_ws/install/_local_setup_util_ps1.py'
[0.503s] INFO:colcon.colcon_core.shell:Creating prefix chain script '/home/cvl/excavator_ws/install/setup.ps1'
[0.504s] INFO:colcon.colcon_core.shell:Creating prefix script '/home/cvl/excavator_ws/install/local_setup.sh'
[0.504s] INFO:colcon.colcon_core.shell:Creating prefix util module '/home/cvl/excavator_ws/install/_local_setup_util_sh.py'
[0.504s] INFO:colcon.colcon_core.shell:Creating prefix chain script '/home/cvl/excavator_ws/install/setup.sh'
[0.505s] INFO:colcon.colcon_core.shell:Creating prefix script '/home/cvl/excavator_ws/install/local_setup.bash'
[0.505s] INFO:colcon.colcon_core.shell:Creating prefix chain script '/home/cvl/excavator_ws/install/setup.bash'
[0.506s] INFO:colcon.colcon_core.shell:Creating prefix script '/home/cvl/excavator_ws/install/local_setup.zsh'
[0.506s] INFO:colcon.colcon_core.shell:Creating prefix chain script '/home/cvl/excavator_ws/install/setup.zsh'
