[0.010s] Invoking command in '/home/cvl/excavator_ws/build/excavator_description': CMAKE_PREFIX_PATH=/opt/ros/humble /usr/bin/cmake --build /home/cvl/excavator_ws/build/excavator_description -- -j16 -l16
[0.031s] -- Found ament_cmake: 1.3.11 (/opt/ros/humble/share/ament_cmake/cmake)
[0.135s] -- Found ament_lint_auto: 0.12.11 (/opt/ros/humble/share/ament_lint_auto/cmake)
[0.186s] -- Added test 'flake8' to check Python code syntax and style conventions
[0.186s] -- Added test 'lint_cmake' to check CMake code style
[0.186s] -- Added test 'pep257' to check Python code against some of the docstring style conventions in PEP 257
[0.187s] -- Added test 'xmllint' to check XML markup files
[0.188s] -- Configuring done
[0.190s] -- Generating done
[0.192s] -- Build files have been written to: /home/cvl/excavator_ws/build/excavator_description
[0.210s] Invoked command in '/home/cvl/excavator_ws/build/excavator_description' returned '0': CMAKE_PREFIX_PATH=/opt/ros/humble /usr/bin/cmake --build /home/cvl/excavator_ws/build/excavator_description -- -j16 -l16
[0.219s] Invoking command in '/home/cvl/excavator_ws/build/excavator_description': CMAKE_PREFIX_PATH=/opt/ros/humble /usr/bin/cmake --install /home/cvl/excavator_ws/build/excavator_description
[0.224s] -- Install configuration: ""
[0.225s] -- Up-to-date: /home/cvl/excavator_ws/install/excavator_description/share/excavator_description/meshes
[0.225s] -- Up-to-date: /home/cvl/excavator_ws/install/excavator_description/share/excavator_description/meshes/chassis_boom_link.STL
[0.225s] -- Up-to-date: /home/cvl/excavator_ws/install/excavator_description/share/excavator_description/meshes/stick_bucket_link.STL
[0.225s] -- Up-to-date: /home/cvl/excavator_ws/install/excavator_description/share/excavator_description/meshes/base_link.STL
[0.225s] -- Up-to-date: /home/cvl/excavator_ws/install/excavator_description/share/excavator_description/meshes/base_chassis_link.STL
[0.226s] -- Up-to-date: /home/cvl/excavator_ws/install/excavator_description/share/excavator_description/meshes/boom_stick_link.STL
[0.226s] -- Up-to-date: /home/cvl/excavator_ws/install/excavator_description/share/excavator_description/urdf
[0.226s] -- Up-to-date: /home/cvl/excavator_ws/install/excavator_description/share/excavator_description/urdf/excavator.urdf.xacro
[0.226s] -- Installing: /home/cvl/excavator_ws/install/excavator_description/share/excavator_description/launch
[0.226s] -- Installing: /home/cvl/excavator_ws/install/excavator_description/share/excavator_description/launch/display.launch.py
[0.226s] -- Installing: /home/cvl/excavator_ws/install/excavator_description/share/excavator_description/rviz
[0.226s] -- Installing: /home/cvl/excavator_ws/install/excavator_description/share/excavator_description/rviz/excavator_rviz.rviz
[0.226s] -- Installing: /home/cvl/excavator_ws/install/excavator_description/share/ament_index/resource_index/package_run_dependencies/excavator_description
[0.226s] -- Up-to-date: /home/cvl/excavator_ws/install/excavator_description/share/ament_index/resource_index/parent_prefix_path/excavator_description
[0.226s] -- Up-to-date: /home/cvl/excavator_ws/install/excavator_description/share/excavator_description/environment/ament_prefix_path.sh
[0.226s] -- Installing: /home/cvl/excavator_ws/install/excavator_description/share/excavator_description/environment/ament_prefix_path.dsv
[0.226s] -- Up-to-date: /home/cvl/excavator_ws/install/excavator_description/share/excavator_description/environment/path.sh
[0.227s] -- Installing: /home/cvl/excavator_ws/install/excavator_description/share/excavator_description/environment/path.dsv
[0.227s] -- Up-to-date: /home/cvl/excavator_ws/install/excavator_description/share/excavator_description/local_setup.bash
[0.227s] -- Up-to-date: /home/cvl/excavator_ws/install/excavator_description/share/excavator_description/local_setup.sh
[0.227s] -- Up-to-date: /home/cvl/excavator_ws/install/excavator_description/share/excavator_description/local_setup.zsh
[0.227s] -- Installing: /home/cvl/excavator_ws/install/excavator_description/share/excavator_description/local_setup.dsv
[0.227s] -- Installing: /home/cvl/excavator_ws/install/excavator_description/share/excavator_description/package.dsv
[0.227s] -- Up-to-date: /home/cvl/excavator_ws/install/excavator_description/share/ament_index/resource_index/packages/excavator_description
[0.227s] -- Up-to-date: /home/cvl/excavator_ws/install/excavator_description/share/excavator_description/cmake/excavator_descriptionConfig.cmake
[0.228s] -- Up-to-date: /home/cvl/excavator_ws/install/excavator_description/share/excavator_description/cmake/excavator_descriptionConfig-version.cmake
[0.228s] -- Installing: /home/cvl/excavator_ws/install/excavator_description/share/excavator_description/package.xml
[0.229s] Invoked command in '/home/cvl/excavator_ws/build/excavator_description' returned '0': CMAKE_PREFIX_PATH=/opt/ros/humble /usr/bin/cmake --install /home/cvl/excavator_ws/build/excavator_description
