[0.095s] DEBUG:colcon:Command line arguments: ['/usr/bin/colcon', 'build']
[0.095s] DEBUG:colcon:Parsed command line arguments: Namespace(log_base=None, log_level=None, verb_name='build', build_base='build', install_base='install', merge_install=False, symlink_install=False, test_result_base=None, continue_on_error=False, executor='parallel', parallel_workers=16, event_handlers=None, ignore_user_meta=False, metas=['./colcon.meta'], base_paths=['.'], packages_ignore=None, packages_ignore_regex=None, paths=None, packages_up_to=None, packages_up_to_regex=None, packages_above=None, packages_above_and_dependencies=None, packages_above_depth=None, packages_select_by_dep=None, packages_skip_by_dep=None, packages_skip_up_to=None, packages_select_build_failed=False, packages_skip_build_finished=False, packages_select_test_failures=False, packages_skip_test_passed=False, packages_select=None, packages_skip=None, packages_select_regex=None, packages_skip_regex=None, packages_start=None, packages_end=None, allow_overriding=[], cmake_args=None, cmake_target=None, cmake_target_skip_unavailable=False, cmake_clean_cache=False, cmake_clean_first=False, cmake_force_configure=False, ament_cmake_args=None, catkin_cmake_args=None, catkin_skip_building_tests=False, mixin_files=None, mixin=None, verb_parser=<colcon_mixin.mixin.mixin_argument.MixinArgumentDecorator object at 0x7c1fe9ad0d00>, verb_extension=<colcon_core.verb.build.BuildVerb object at 0x7c1fe9ad0070>, main=<bound method BuildVerb.main of <colcon_core.verb.build.BuildVerb object at 0x7c1fe9ad0070>>, mixin_verb=('build',))
[0.248s] Level 1:colcon.colcon_core.package_discovery:discover_packages(colcon_meta) check parameters
[0.248s] Level 1:colcon.colcon_core.package_discovery:discover_packages(recursive) check parameters
[0.248s] Level 1:colcon.colcon_core.package_discovery:discover_packages(ignore) check parameters
[0.248s] Level 1:colcon.colcon_core.package_discovery:discover_packages(path) check parameters
[0.248s] Level 1:colcon.colcon_core.package_discovery:discover_packages(colcon_meta) discover
[0.248s] Level 1:colcon.colcon_core.package_discovery:discover_packages(recursive) discover
[0.248s] INFO:colcon.colcon_core.package_discovery:Crawling recursively for packages in '/home/cvl/excavator_ws'
[0.248s] Level 1:colcon.colcon_core.package_identification:_identify(.) by extensions ['ignore', 'ignore_ament_install']
[0.248s] Level 1:colcon.colcon_core.package_identification:_identify(.) by extension 'ignore'
[0.248s] Level 1:colcon.colcon_core.package_identification:_identify(.) by extension 'ignore_ament_install'
[0.248s] Level 1:colcon.colcon_core.package_identification:_identify(.) by extensions ['colcon_pkg']
[0.248s] Level 1:colcon.colcon_core.package_identification:_identify(.) by extension 'colcon_pkg'
[0.249s] Level 1:colcon.colcon_core.package_identification:_identify(.) by extensions ['colcon_meta']
[0.249s] Level 1:colcon.colcon_core.package_identification:_identify(.) by extension 'colcon_meta'
[0.249s] Level 1:colcon.colcon_core.package_identification:_identify(.) by extensions ['ros']
[0.249s] Level 1:colcon.colcon_core.package_identification:_identify(.) by extension 'ros'
[0.257s] Level 1:colcon.colcon_core.package_identification:_identify(.) by extensions ['cmake', 'python']
[0.257s] Level 1:colcon.colcon_core.package_identification:_identify(.) by extension 'cmake'
[0.257s] Level 1:colcon.colcon_core.package_identification:_identify(.) by extension 'python'
[0.257s] Level 1:colcon.colcon_core.package_identification:_identify(.) by extensions ['python_setup_py']
[0.257s] Level 1:colcon.colcon_core.package_identification:_identify(.) by extension 'python_setup_py'
[0.257s] Level 1:colcon.colcon_core.package_identification:_identify(build) by extensions ['ignore', 'ignore_ament_install']
[0.257s] Level 1:colcon.colcon_core.package_identification:_identify(build) by extension 'ignore'
[0.257s] Level 1:colcon.colcon_core.package_identification:_identify(build) ignored
[0.258s] Level 1:colcon.colcon_core.package_identification:_identify(install) by extensions ['ignore', 'ignore_ament_install']
[0.258s] Level 1:colcon.colcon_core.package_identification:_identify(install) by extension 'ignore'
[0.258s] Level 1:colcon.colcon_core.package_identification:_identify(install) ignored
[0.258s] Level 1:colcon.colcon_core.package_identification:_identify(log) by extensions ['ignore', 'ignore_ament_install']
[0.258s] Level 1:colcon.colcon_core.package_identification:_identify(log) by extension 'ignore'
[0.258s] Level 1:colcon.colcon_core.package_identification:_identify(log) ignored
[0.258s] Level 1:colcon.colcon_core.package_identification:_identify(src) by extensions ['ignore', 'ignore_ament_install']
[0.258s] Level 1:colcon.colcon_core.package_identification:_identify(src) by extension 'ignore'
[0.258s] Level 1:colcon.colcon_core.package_identification:_identify(src) by extension 'ignore_ament_install'
[0.258s] Level 1:colcon.colcon_core.package_identification:_identify(src) by extensions ['colcon_pkg']
[0.258s] Level 1:colcon.colcon_core.package_identification:_identify(src) by extension 'colcon_pkg'
[0.258s] Level 1:colcon.colcon_core.package_identification:_identify(src) by extensions ['colcon_meta']
[0.258s] Level 1:colcon.colcon_core.package_identification:_identify(src) by extension 'colcon_meta'
[0.258s] Level 1:colcon.colcon_core.package_identification:_identify(src) by extensions ['ros']
[0.258s] Level 1:colcon.colcon_core.package_identification:_identify(src) by extension 'ros'
[0.258s] Level 1:colcon.colcon_core.package_identification:_identify(src) by extensions ['cmake', 'python']
[0.258s] Level 1:colcon.colcon_core.package_identification:_identify(src) by extension 'cmake'
[0.258s] Level 1:colcon.colcon_core.package_identification:_identify(src) by extension 'python'
[0.258s] Level 1:colcon.colcon_core.package_identification:_identify(src) by extensions ['python_setup_py']
[0.258s] Level 1:colcon.colcon_core.package_identification:_identify(src) by extension 'python_setup_py'
[0.258s] Level 1:colcon.colcon_core.package_identification:_identify(src/excavator_description) by extensions ['ignore', 'ignore_ament_install']
[0.258s] Level 1:colcon.colcon_core.package_identification:_identify(src/excavator_description) by extension 'ignore'
[0.258s] Level 1:colcon.colcon_core.package_identification:_identify(src/excavator_description) by extension 'ignore_ament_install'
[0.258s] Level 1:colcon.colcon_core.package_identification:_identify(src/excavator_description) by extensions ['colcon_pkg']
[0.258s] Level 1:colcon.colcon_core.package_identification:_identify(src/excavator_description) by extension 'colcon_pkg'
[0.258s] Level 1:colcon.colcon_core.package_identification:_identify(src/excavator_description) by extensions ['colcon_meta']
[0.259s] Level 1:colcon.colcon_core.package_identification:_identify(src/excavator_description) by extension 'colcon_meta'
[0.259s] Level 1:colcon.colcon_core.package_identification:_identify(src/excavator_description) by extensions ['ros']
[0.259s] Level 1:colcon.colcon_core.package_identification:_identify(src/excavator_description) by extension 'ros'
[0.261s] DEBUG:colcon.colcon_core.package_identification:Package 'src/excavator_description' with type 'ros.ament_cmake' and name 'excavator_description'
[0.261s] Level 1:colcon.colcon_core.package_discovery:discover_packages(recursive) using defaults
[0.261s] Level 1:colcon.colcon_core.package_discovery:discover_packages(ignore) discover
[0.261s] Level 1:colcon.colcon_core.package_discovery:discover_packages(ignore) using defaults
[0.261s] Level 1:colcon.colcon_core.package_discovery:discover_packages(path) discover
[0.261s] Level 1:colcon.colcon_core.package_discovery:discover_packages(path) using defaults
[0.289s] Level 1:colcon.colcon_core.package_discovery:discover_packages(prefix_path) check parameters
[0.289s] Level 1:colcon.colcon_core.package_discovery:discover_packages(prefix_path) discover
[0.291s] DEBUG:colcon.colcon_installed_package_information.package_discovery:Found 271 installed packages in /opt/ros/humble
[0.292s] Level 1:colcon.colcon_core.package_discovery:discover_packages(prefix_path) using defaults
[0.319s] Level 5:colcon.colcon_core.verb:set package 'excavator_description' build argument 'cmake_args' from command line to 'None'
[0.319s] Level 5:colcon.colcon_core.verb:set package 'excavator_description' build argument 'cmake_target' from command line to 'None'
[0.319s] Level 5:colcon.colcon_core.verb:set package 'excavator_description' build argument 'cmake_target_skip_unavailable' from command line to 'False'
[0.319s] Level 5:colcon.colcon_core.verb:set package 'excavator_description' build argument 'cmake_clean_cache' from command line to 'False'
[0.319s] Level 5:colcon.colcon_core.verb:set package 'excavator_description' build argument 'cmake_clean_first' from command line to 'False'
[0.319s] Level 5:colcon.colcon_core.verb:set package 'excavator_description' build argument 'cmake_force_configure' from command line to 'False'
[0.319s] Level 5:colcon.colcon_core.verb:set package 'excavator_description' build argument 'ament_cmake_args' from command line to 'None'
[0.319s] Level 5:colcon.colcon_core.verb:set package 'excavator_description' build argument 'catkin_cmake_args' from command line to 'None'
[0.319s] Level 5:colcon.colcon_core.verb:set package 'excavator_description' build argument 'catkin_skip_building_tests' from command line to 'False'
[0.319s] DEBUG:colcon.colcon_core.verb:Building package 'excavator_description' with the following arguments: {'ament_cmake_args': None, 'build_base': '/home/cvl/excavator_ws/build/excavator_description', 'catkin_cmake_args': None, 'catkin_skip_building_tests': False, 'cmake_args': None, 'cmake_clean_cache': False, 'cmake_clean_first': False, 'cmake_force_configure': False, 'cmake_target': None, 'cmake_target_skip_unavailable': False, 'install_base': '/home/cvl/excavator_ws/install/excavator_description', 'merge_install': False, 'path': '/home/cvl/excavator_ws/src/excavator_description', 'symlink_install': False, 'test_result_base': None}
[0.319s] INFO:colcon.colcon_core.executor:Executing jobs using 'parallel' executor
[0.320s] DEBUG:colcon.colcon_parallel_executor.executor.parallel:run_until_complete
[0.320s] INFO:colcon.colcon_ros.task.ament_cmake.build:Building ROS package in '/home/cvl/excavator_ws/src/excavator_description' with build type 'ament_cmake'
[0.320s] INFO:colcon.colcon_cmake.task.cmake.build:Building CMake package in '/home/cvl/excavator_ws/src/excavator_description'
[0.322s] INFO:colcon.colcon_core.plugin_system:Skipping extension 'colcon_core.shell.bat': Not used on non-Windows systems
[0.322s] INFO:colcon.colcon_core.shell:Skip shell extension 'powershell' for command environment: Not usable outside of PowerShell
[0.322s] DEBUG:colcon.colcon_core.shell:Skip shell extension 'dsv' for command environment
[0.328s] DEBUG:colcon.colcon_core.event_handler.log_command:Invoking command in '/home/cvl/excavator_ws/build/excavator_description': CMAKE_PREFIX_PATH=/opt/ros/humble /usr/bin/cmake --build /home/cvl/excavator_ws/build/excavator_description -- -j16 -l16
[0.538s] DEBUG:colcon.colcon_core.event_handler.log_command:Invoked command in '/home/cvl/excavator_ws/build/excavator_description' returned '0': CMAKE_PREFIX_PATH=/opt/ros/humble /usr/bin/cmake --build /home/cvl/excavator_ws/build/excavator_description -- -j16 -l16
[0.547s] DEBUG:colcon.colcon_core.event_handler.log_command:Invoking command in '/home/cvl/excavator_ws/build/excavator_description': CMAKE_PREFIX_PATH=/opt/ros/humble /usr/bin/cmake --install /home/cvl/excavator_ws/build/excavator_description
[0.556s] Level 1:colcon.colcon_core.environment:create_environment_scripts_only(excavator_description)
[0.556s] DEBUG:colcon.colcon_core.event_handler.log_command:Invoked command in '/home/cvl/excavator_ws/build/excavator_description' returned '0': CMAKE_PREFIX_PATH=/opt/ros/humble /usr/bin/cmake --install /home/cvl/excavator_ws/build/excavator_description
[0.559s] Level 1:colcon.colcon_core.environment:checking '/home/cvl/excavator_ws/install/excavator_description' for CMake module files
[0.559s] Level 1:colcon.colcon_core.environment:checking '/home/cvl/excavator_ws/install/excavator_description' for CMake config files
[0.559s] Level 1:colcon.colcon_core.shell:create_environment_hook('excavator_description', 'cmake_prefix_path')
[0.560s] INFO:colcon.colcon_core.shell:Creating environment hook '/home/cvl/excavator_ws/install/excavator_description/share/excavator_description/hook/cmake_prefix_path.ps1'
[0.560s] INFO:colcon.colcon_core.shell:Creating environment descriptor '/home/cvl/excavator_ws/install/excavator_description/share/excavator_description/hook/cmake_prefix_path.dsv'
[0.561s] INFO:colcon.colcon_core.shell:Creating environment hook '/home/cvl/excavator_ws/install/excavator_description/share/excavator_description/hook/cmake_prefix_path.sh'
[0.561s] Level 1:colcon.colcon_core.environment:checking '/home/cvl/excavator_ws/install/excavator_description/bin'
[0.561s] Level 1:colcon.colcon_core.environment:checking '/home/cvl/excavator_ws/install/excavator_description/lib/pkgconfig/excavator_description.pc'
[0.561s] Level 1:colcon.colcon_core.environment:checking '/home/cvl/excavator_ws/install/excavator_description/lib/python3.10/site-packages'
[0.562s] Level 1:colcon.colcon_core.environment:checking '/home/cvl/excavator_ws/install/excavator_description/bin'
[0.562s] INFO:colcon.colcon_core.shell:Creating package script '/home/cvl/excavator_ws/install/excavator_description/share/excavator_description/package.ps1'
[0.562s] INFO:colcon.colcon_core.shell:Creating package descriptor '/home/cvl/excavator_ws/install/excavator_description/share/excavator_description/package.dsv'
[0.563s] INFO:colcon.colcon_core.shell:Creating package script '/home/cvl/excavator_ws/install/excavator_description/share/excavator_description/package.sh'
[0.563s] INFO:colcon.colcon_core.shell:Creating package script '/home/cvl/excavator_ws/install/excavator_description/share/excavator_description/package.bash'
[0.564s] INFO:colcon.colcon_core.shell:Creating package script '/home/cvl/excavator_ws/install/excavator_description/share/excavator_description/package.zsh'
[0.565s] Level 1:colcon.colcon_core.environment:create_file_with_runtime_dependencies(/home/cvl/excavator_ws/install/excavator_description/share/colcon-core/packages/excavator_description)
[0.565s] Level 1:colcon.colcon_core.environment:create_environment_scripts_only(excavator_description)
[0.565s] Level 1:colcon.colcon_core.environment:checking '/home/cvl/excavator_ws/install/excavator_description' for CMake module files
[0.566s] Level 1:colcon.colcon_core.environment:checking '/home/cvl/excavator_ws/install/excavator_description' for CMake config files
[0.566s] Level 1:colcon.colcon_core.shell:create_environment_hook('excavator_description', 'cmake_prefix_path')
[0.566s] INFO:colcon.colcon_core.shell:Creating environment hook '/home/cvl/excavator_ws/install/excavator_description/share/excavator_description/hook/cmake_prefix_path.ps1'
[0.566s] INFO:colcon.colcon_core.shell:Creating environment descriptor '/home/cvl/excavator_ws/install/excavator_description/share/excavator_description/hook/cmake_prefix_path.dsv'
[0.567s] INFO:colcon.colcon_core.shell:Creating environment hook '/home/cvl/excavator_ws/install/excavator_description/share/excavator_description/hook/cmake_prefix_path.sh'
[0.567s] Level 1:colcon.colcon_core.environment:checking '/home/cvl/excavator_ws/install/excavator_description/bin'
[0.567s] Level 1:colcon.colcon_core.environment:checking '/home/cvl/excavator_ws/install/excavator_description/lib/pkgconfig/excavator_description.pc'
[0.567s] Level 1:colcon.colcon_core.environment:checking '/home/cvl/excavator_ws/install/excavator_description/lib/python3.10/site-packages'
[0.567s] Level 1:colcon.colcon_core.environment:checking '/home/cvl/excavator_ws/install/excavator_description/bin'
[0.567s] INFO:colcon.colcon_core.shell:Creating package script '/home/cvl/excavator_ws/install/excavator_description/share/excavator_description/package.ps1'
[0.568s] INFO:colcon.colcon_core.shell:Creating package descriptor '/home/cvl/excavator_ws/install/excavator_description/share/excavator_description/package.dsv'
[0.568s] INFO:colcon.colcon_core.shell:Creating package script '/home/cvl/excavator_ws/install/excavator_description/share/excavator_description/package.sh'
[0.569s] INFO:colcon.colcon_core.shell:Creating package script '/home/cvl/excavator_ws/install/excavator_description/share/excavator_description/package.bash'
[0.569s] INFO:colcon.colcon_core.shell:Creating package script '/home/cvl/excavator_ws/install/excavator_description/share/excavator_description/package.zsh'
[0.569s] Level 1:colcon.colcon_core.environment:create_file_with_runtime_dependencies(/home/cvl/excavator_ws/install/excavator_description/share/colcon-core/packages/excavator_description)
[0.570s] DEBUG:colcon.colcon_parallel_executor.executor.parallel:closing loop
[0.570s] DEBUG:colcon.colcon_parallel_executor.executor.parallel:loop closed
[0.570s] DEBUG:colcon.colcon_parallel_executor.executor.parallel:run_until_complete finished with '0'
[0.570s] DEBUG:colcon.colcon_core.event_reactor:joining thread
[0.574s] INFO:colcon.colcon_core.plugin_system:Skipping extension 'colcon_notification.desktop_notification.terminal_notifier': Not used on non-Darwin systems
[0.574s] INFO:colcon.colcon_core.plugin_system:Skipping extension 'colcon_notification.desktop_notification.win32': Not used on non-Windows systems
[0.575s] INFO:colcon.colcon_notification.desktop_notification:Sending desktop notification using 'notify2'
[0.592s] DEBUG:colcon.colcon_core.event_reactor:joined thread
[0.593s] INFO:colcon.colcon_core.shell:Creating prefix script '/home/cvl/excavator_ws/install/local_setup.ps1'
[0.594s] INFO:colcon.colcon_core.shell:Creating prefix util module '/home/cvl/excavator_ws/install/_local_setup_util_ps1.py'
[0.595s] INFO:colcon.colcon_core.shell:Creating prefix chain script '/home/cvl/excavator_ws/install/setup.ps1'
[0.596s] INFO:colcon.colcon_core.shell:Creating prefix script '/home/cvl/excavator_ws/install/local_setup.sh'
[0.597s] INFO:colcon.colcon_core.shell:Creating prefix util module '/home/cvl/excavator_ws/install/_local_setup_util_sh.py'
[0.597s] INFO:colcon.colcon_core.shell:Creating prefix chain script '/home/cvl/excavator_ws/install/setup.sh'
[0.598s] INFO:colcon.colcon_core.shell:Creating prefix script '/home/cvl/excavator_ws/install/local_setup.bash'
[0.598s] INFO:colcon.colcon_core.shell:Creating prefix chain script '/home/cvl/excavator_ws/install/setup.bash'
[0.599s] INFO:colcon.colcon_core.shell:Creating prefix script '/home/cvl/excavator_ws/install/local_setup.zsh'
[0.599s] INFO:colcon.colcon_core.shell:Creating prefix chain script '/home/cvl/excavator_ws/install/setup.zsh'
