[0.091s] DEBUG:colcon:Command line arguments: ['/usr/bin/colcon', 'build']
[0.091s] DEBUG:colcon:Parsed command line arguments: Namespace(log_base=None, log_level=None, verb_name='build', build_base='build', install_base='install', merge_install=False, symlink_install=False, test_result_base=None, continue_on_error=False, executor='parallel', parallel_workers=16, event_handlers=None, ignore_user_meta=False, metas=['./colcon.meta'], base_paths=['.'], packages_ignore=None, packages_ignore_regex=None, paths=None, packages_up_to=None, packages_up_to_regex=None, packages_above=None, packages_above_and_dependencies=None, packages_above_depth=None, packages_select_by_dep=None, packages_skip_by_dep=None, packages_skip_up_to=None, packages_select_build_failed=False, packages_skip_build_finished=False, packages_select_test_failures=False, packages_skip_test_passed=False, packages_select=None, packages_skip=None, packages_select_regex=None, packages_skip_regex=None, packages_start=None, packages_end=None, allow_overriding=[], cmake_args=None, cmake_target=None, cmake_target_skip_unavailable=False, cmake_clean_cache=False, cmake_clean_first=False, cmake_force_configure=False, ament_cmake_args=None, catkin_cmake_args=None, catkin_skip_building_tests=False, mixin_files=None, mixin=None, verb_parser=<colcon_mixin.mixin.mixin_argument.MixinArgumentDecorator object at 0x75f2e870aef0>, verb_extension=<colcon_core.verb.build.BuildVerb object at 0x75f2e870a560>, main=<bound method BuildVerb.main of <colcon_core.verb.build.BuildVerb object at 0x75f2e870a560>>, mixin_verb=('build',))
[0.218s] Level 1:colcon.colcon_core.package_discovery:discover_packages(colcon_meta) check parameters
[0.218s] Level 1:colcon.colcon_core.package_discovery:discover_packages(recursive) check parameters
[0.218s] Level 1:colcon.colcon_core.package_discovery:discover_packages(ignore) check parameters
[0.218s] Level 1:colcon.colcon_core.package_discovery:discover_packages(path) check parameters
[0.218s] Level 1:colcon.colcon_core.package_discovery:discover_packages(colcon_meta) discover
[0.218s] Level 1:colcon.colcon_core.package_discovery:discover_packages(recursive) discover
[0.218s] INFO:colcon.colcon_core.package_discovery:Crawling recursively for packages in '/home/cvl/excavator_ws'
[0.218s] Level 1:colcon.colcon_core.package_identification:_identify(.) by extensions ['ignore', 'ignore_ament_install']
[0.219s] Level 1:colcon.colcon_core.package_identification:_identify(.) by extension 'ignore'
[0.219s] Level 1:colcon.colcon_core.package_identification:_identify(.) by extension 'ignore_ament_install'
[0.219s] Level 1:colcon.colcon_core.package_identification:_identify(.) by extensions ['colcon_pkg']
[0.219s] Level 1:colcon.colcon_core.package_identification:_identify(.) by extension 'colcon_pkg'
[0.219s] Level 1:colcon.colcon_core.package_identification:_identify(.) by extensions ['colcon_meta']
[0.219s] Level 1:colcon.colcon_core.package_identification:_identify(.) by extension 'colcon_meta'
[0.219s] Level 1:colcon.colcon_core.package_identification:_identify(.) by extensions ['ros']
[0.219s] Level 1:colcon.colcon_core.package_identification:_identify(.) by extension 'ros'
[0.234s] Level 1:colcon.colcon_core.package_identification:_identify(.) by extensions ['cmake', 'python']
[0.234s] Level 1:colcon.colcon_core.package_identification:_identify(.) by extension 'cmake'
[0.234s] Level 1:colcon.colcon_core.package_identification:_identify(.) by extension 'python'
[0.235s] Level 1:colcon.colcon_core.package_identification:_identify(.) by extensions ['python_setup_py']
[0.235s] Level 1:colcon.colcon_core.package_identification:_identify(.) by extension 'python_setup_py'
[0.235s] Level 1:colcon.colcon_core.package_identification:_identify(build) by extensions ['ignore', 'ignore_ament_install']
[0.235s] Level 1:colcon.colcon_core.package_identification:_identify(build) by extension 'ignore'
[0.235s] Level 1:colcon.colcon_core.package_identification:_identify(build) ignored
[0.235s] Level 1:colcon.colcon_core.package_identification:_identify(install) by extensions ['ignore', 'ignore_ament_install']
[0.235s] Level 1:colcon.colcon_core.package_identification:_identify(install) by extension 'ignore'
[0.235s] Level 1:colcon.colcon_core.package_identification:_identify(install) ignored
[0.235s] Level 1:colcon.colcon_core.package_identification:_identify(log) by extensions ['ignore', 'ignore_ament_install']
[0.235s] Level 1:colcon.colcon_core.package_identification:_identify(log) by extension 'ignore'
[0.235s] Level 1:colcon.colcon_core.package_identification:_identify(log) ignored
[0.235s] Level 1:colcon.colcon_core.package_identification:_identify(src) by extensions ['ignore', 'ignore_ament_install']
[0.235s] Level 1:colcon.colcon_core.package_identification:_identify(src) by extension 'ignore'
[0.235s] Level 1:colcon.colcon_core.package_identification:_identify(src) by extension 'ignore_ament_install'
[0.235s] Level 1:colcon.colcon_core.package_identification:_identify(src) by extensions ['colcon_pkg']
[0.235s] Level 1:colcon.colcon_core.package_identification:_identify(src) by extension 'colcon_pkg'
[0.235s] Level 1:colcon.colcon_core.package_identification:_identify(src) by extensions ['colcon_meta']
[0.235s] Level 1:colcon.colcon_core.package_identification:_identify(src) by extension 'colcon_meta'
[0.235s] Level 1:colcon.colcon_core.package_identification:_identify(src) by extensions ['ros']
[0.235s] Level 1:colcon.colcon_core.package_identification:_identify(src) by extension 'ros'
[0.235s] Level 1:colcon.colcon_core.package_identification:_identify(src) by extensions ['cmake', 'python']
[0.235s] Level 1:colcon.colcon_core.package_identification:_identify(src) by extension 'cmake'
[0.235s] Level 1:colcon.colcon_core.package_identification:_identify(src) by extension 'python'
[0.235s] Level 1:colcon.colcon_core.package_identification:_identify(src) by extensions ['python_setup_py']
[0.236s] Level 1:colcon.colcon_core.package_identification:_identify(src) by extension 'python_setup_py'
[0.236s] Level 1:colcon.colcon_core.package_identification:_identify(src/excavator_controller) by extensions ['ignore', 'ignore_ament_install']
[0.236s] Level 1:colcon.colcon_core.package_identification:_identify(src/excavator_controller) by extension 'ignore'
[0.236s] Level 1:colcon.colcon_core.package_identification:_identify(src/excavator_controller) by extension 'ignore_ament_install'
[0.236s] Level 1:colcon.colcon_core.package_identification:_identify(src/excavator_controller) by extensions ['colcon_pkg']
[0.236s] Level 1:colcon.colcon_core.package_identification:_identify(src/excavator_controller) by extension 'colcon_pkg'
[0.236s] Level 1:colcon.colcon_core.package_identification:_identify(src/excavator_controller) by extensions ['colcon_meta']
[0.236s] Level 1:colcon.colcon_core.package_identification:_identify(src/excavator_controller) by extension 'colcon_meta'
[0.236s] Level 1:colcon.colcon_core.package_identification:_identify(src/excavator_controller) by extensions ['ros']
[0.236s] Level 1:colcon.colcon_core.package_identification:_identify(src/excavator_controller) by extension 'ros'
[0.238s] DEBUG:colcon.colcon_core.package_identification:Package 'src/excavator_controller' with type 'ros.ament_cmake' and name 'excavator_controller'
[0.239s] Level 1:colcon.colcon_core.package_identification:_identify(src/excavator_description) by extensions ['ignore', 'ignore_ament_install']
[0.239s] Level 1:colcon.colcon_core.package_identification:_identify(src/excavator_description) by extension 'ignore'
[0.239s] Level 1:colcon.colcon_core.package_identification:_identify(src/excavator_description) by extension 'ignore_ament_install'
[0.239s] Level 1:colcon.colcon_core.package_identification:_identify(src/excavator_description) by extensions ['colcon_pkg']
[0.239s] Level 1:colcon.colcon_core.package_identification:_identify(src/excavator_description) by extension 'colcon_pkg'
[0.239s] Level 1:colcon.colcon_core.package_identification:_identify(src/excavator_description) by extensions ['colcon_meta']
[0.239s] Level 1:colcon.colcon_core.package_identification:_identify(src/excavator_description) by extension 'colcon_meta'
[0.239s] Level 1:colcon.colcon_core.package_identification:_identify(src/excavator_description) by extensions ['ros']
[0.239s] Level 1:colcon.colcon_core.package_identification:_identify(src/excavator_description) by extension 'ros'
[0.239s] DEBUG:colcon.colcon_core.package_identification:Package 'src/excavator_description' with type 'ros.ament_cmake' and name 'excavator_description'
[0.239s] Level 1:colcon.colcon_core.package_identification:_identify(src/excavator_moveit) by extensions ['ignore', 'ignore_ament_install']
[0.239s] Level 1:colcon.colcon_core.package_identification:_identify(src/excavator_moveit) by extension 'ignore'
[0.240s] Level 1:colcon.colcon_core.package_identification:_identify(src/excavator_moveit) by extension 'ignore_ament_install'
[0.240s] Level 1:colcon.colcon_core.package_identification:_identify(src/excavator_moveit) by extensions ['colcon_pkg']
[0.240s] Level 1:colcon.colcon_core.package_identification:_identify(src/excavator_moveit) by extension 'colcon_pkg'
[0.240s] Level 1:colcon.colcon_core.package_identification:_identify(src/excavator_moveit) by extensions ['colcon_meta']
[0.240s] Level 1:colcon.colcon_core.package_identification:_identify(src/excavator_moveit) by extension 'colcon_meta'
[0.240s] Level 1:colcon.colcon_core.package_identification:_identify(src/excavator_moveit) by extensions ['ros']
[0.240s] Level 1:colcon.colcon_core.package_identification:_identify(src/excavator_moveit) by extension 'ros'
[0.240s] DEBUG:colcon.colcon_core.package_identification:Package 'src/excavator_moveit' with type 'ros.ament_cmake' and name 'excavator_moveit'
[0.240s] Level 1:colcon.colcon_core.package_discovery:discover_packages(recursive) using defaults
[0.240s] Level 1:colcon.colcon_core.package_discovery:discover_packages(ignore) discover
[0.240s] Level 1:colcon.colcon_core.package_discovery:discover_packages(ignore) using defaults
[0.240s] Level 1:colcon.colcon_core.package_discovery:discover_packages(path) discover
[0.240s] Level 1:colcon.colcon_core.package_discovery:discover_packages(path) using defaults
[0.255s] Level 1:colcon.colcon_core.package_discovery:discover_packages(prefix_path) check parameters
[0.256s] Level 1:colcon.colcon_core.package_discovery:discover_packages(prefix_path) discover
[0.257s] DEBUG:colcon.colcon_installed_package_information.package_discovery:Found 3 installed packages in /home/cvl/excavator_ws/install
[0.258s] DEBUG:colcon.colcon_installed_package_information.package_discovery:Found 358 installed packages in /opt/ros/humble
[0.260s] Level 1:colcon.colcon_core.package_discovery:discover_packages(prefix_path) using defaults
[0.290s] Level 5:colcon.colcon_core.verb:set package 'excavator_controller' build argument 'cmake_args' from command line to 'None'
[0.290s] Level 5:colcon.colcon_core.verb:set package 'excavator_controller' build argument 'cmake_target' from command line to 'None'
[0.290s] Level 5:colcon.colcon_core.verb:set package 'excavator_controller' build argument 'cmake_target_skip_unavailable' from command line to 'False'
[0.290s] Level 5:colcon.colcon_core.verb:set package 'excavator_controller' build argument 'cmake_clean_cache' from command line to 'False'
[0.290s] Level 5:colcon.colcon_core.verb:set package 'excavator_controller' build argument 'cmake_clean_first' from command line to 'False'
[0.290s] Level 5:colcon.colcon_core.verb:set package 'excavator_controller' build argument 'cmake_force_configure' from command line to 'False'
[0.290s] Level 5:colcon.colcon_core.verb:set package 'excavator_controller' build argument 'ament_cmake_args' from command line to 'None'
[0.290s] Level 5:colcon.colcon_core.verb:set package 'excavator_controller' build argument 'catkin_cmake_args' from command line to 'None'
[0.290s] Level 5:colcon.colcon_core.verb:set package 'excavator_controller' build argument 'catkin_skip_building_tests' from command line to 'False'
[0.290s] DEBUG:colcon.colcon_core.verb:Building package 'excavator_controller' with the following arguments: {'ament_cmake_args': None, 'build_base': '/home/cvl/excavator_ws/build/excavator_controller', 'catkin_cmake_args': None, 'catkin_skip_building_tests': False, 'cmake_args': None, 'cmake_clean_cache': False, 'cmake_clean_first': False, 'cmake_force_configure': False, 'cmake_target': None, 'cmake_target_skip_unavailable': False, 'install_base': '/home/cvl/excavator_ws/install/excavator_controller', 'merge_install': False, 'path': '/home/cvl/excavator_ws/src/excavator_controller', 'symlink_install': False, 'test_result_base': None}
[0.291s] Level 5:colcon.colcon_core.verb:set package 'excavator_description' build argument 'cmake_args' from command line to 'None'
[0.291s] Level 5:colcon.colcon_core.verb:set package 'excavator_description' build argument 'cmake_target' from command line to 'None'
[0.291s] Level 5:colcon.colcon_core.verb:set package 'excavator_description' build argument 'cmake_target_skip_unavailable' from command line to 'False'
[0.291s] Level 5:colcon.colcon_core.verb:set package 'excavator_description' build argument 'cmake_clean_cache' from command line to 'False'
[0.291s] Level 5:colcon.colcon_core.verb:set package 'excavator_description' build argument 'cmake_clean_first' from command line to 'False'
[0.291s] Level 5:colcon.colcon_core.verb:set package 'excavator_description' build argument 'cmake_force_configure' from command line to 'False'
[0.291s] Level 5:colcon.colcon_core.verb:set package 'excavator_description' build argument 'ament_cmake_args' from command line to 'None'
[0.291s] Level 5:colcon.colcon_core.verb:set package 'excavator_description' build argument 'catkin_cmake_args' from command line to 'None'
[0.291s] Level 5:colcon.colcon_core.verb:set package 'excavator_description' build argument 'catkin_skip_building_tests' from command line to 'False'
[0.291s] DEBUG:colcon.colcon_core.verb:Building package 'excavator_description' with the following arguments: {'ament_cmake_args': None, 'build_base': '/home/cvl/excavator_ws/build/excavator_description', 'catkin_cmake_args': None, 'catkin_skip_building_tests': False, 'cmake_args': None, 'cmake_clean_cache': False, 'cmake_clean_first': False, 'cmake_force_configure': False, 'cmake_target': None, 'cmake_target_skip_unavailable': False, 'install_base': '/home/cvl/excavator_ws/install/excavator_description', 'merge_install': False, 'path': '/home/cvl/excavator_ws/src/excavator_description', 'symlink_install': False, 'test_result_base': None}
[0.291s] Level 5:colcon.colcon_core.verb:set package 'excavator_moveit' build argument 'cmake_args' from command line to 'None'
[0.291s] Level 5:colcon.colcon_core.verb:set package 'excavator_moveit' build argument 'cmake_target' from command line to 'None'
[0.291s] Level 5:colcon.colcon_core.verb:set package 'excavator_moveit' build argument 'cmake_target_skip_unavailable' from command line to 'False'
[0.291s] Level 5:colcon.colcon_core.verb:set package 'excavator_moveit' build argument 'cmake_clean_cache' from command line to 'False'
[0.291s] Level 5:colcon.colcon_core.verb:set package 'excavator_moveit' build argument 'cmake_clean_first' from command line to 'False'
[0.291s] Level 5:colcon.colcon_core.verb:set package 'excavator_moveit' build argument 'cmake_force_configure' from command line to 'False'
[0.291s] Level 5:colcon.colcon_core.verb:set package 'excavator_moveit' build argument 'ament_cmake_args' from command line to 'None'
[0.291s] Level 5:colcon.colcon_core.verb:set package 'excavator_moveit' build argument 'catkin_cmake_args' from command line to 'None'
[0.291s] Level 5:colcon.colcon_core.verb:set package 'excavator_moveit' build argument 'catkin_skip_building_tests' from command line to 'False'
[0.291s] DEBUG:colcon.colcon_core.verb:Building package 'excavator_moveit' with the following arguments: {'ament_cmake_args': None, 'build_base': '/home/cvl/excavator_ws/build/excavator_moveit', 'catkin_cmake_args': None, 'catkin_skip_building_tests': False, 'cmake_args': None, 'cmake_clean_cache': False, 'cmake_clean_first': False, 'cmake_force_configure': False, 'cmake_target': None, 'cmake_target_skip_unavailable': False, 'install_base': '/home/cvl/excavator_ws/install/excavator_moveit', 'merge_install': False, 'path': '/home/cvl/excavator_ws/src/excavator_moveit', 'symlink_install': False, 'test_result_base': None}
[0.291s] INFO:colcon.colcon_core.executor:Executing jobs using 'parallel' executor
[0.292s] DEBUG:colcon.colcon_parallel_executor.executor.parallel:run_until_complete
[0.292s] INFO:colcon.colcon_ros.task.ament_cmake.build:Building ROS package in '/home/cvl/excavator_ws/src/excavator_description' with build type 'ament_cmake'
[0.292s] INFO:colcon.colcon_cmake.task.cmake.build:Building CMake package in '/home/cvl/excavator_ws/src/excavator_description'
[0.294s] INFO:colcon.colcon_core.plugin_system:Skipping extension 'colcon_core.shell.bat': Not used on non-Windows systems
[0.294s] INFO:colcon.colcon_core.shell:Skip shell extension 'powershell' for command environment: Not usable outside of PowerShell
[0.294s] DEBUG:colcon.colcon_core.shell:Skip shell extension 'dsv' for command environment
[0.296s] INFO:colcon.colcon_ros.task.ament_cmake.build:Building ROS package in '/home/cvl/excavator_ws/src/excavator_controller' with build type 'ament_cmake'
[0.296s] INFO:colcon.colcon_cmake.task.cmake.build:Building CMake package in '/home/cvl/excavator_ws/src/excavator_controller'
[0.297s] INFO:colcon.colcon_core.shell:Skip shell extension 'powershell' for command environment: Not usable outside of PowerShell
[0.297s] DEBUG:colcon.colcon_core.shell:Skip shell extension 'dsv' for command environment
[0.302s] DEBUG:colcon.colcon_core.event_handler.log_command:Invoking command in '/home/cvl/excavator_ws/build/excavator_description': CMAKE_PREFIX_PATH=${CMAKE_PREFIX_PATH}:/opt/ros/humble /usr/bin/cmake --build /home/cvl/excavator_ws/build/excavator_description -- -j16 -l16
[0.304s] DEBUG:colcon.colcon_core.event_handler.log_command:Invoking command in '/home/cvl/excavator_ws/build/excavator_controller': CMAKE_PREFIX_PATH=${CMAKE_PREFIX_PATH}:/opt/ros/humble /usr/bin/cmake --build /home/cvl/excavator_ws/build/excavator_controller -- -j16 -l16
[0.334s] DEBUG:colcon.colcon_core.event_handler.log_command:Invoked command in '/home/cvl/excavator_ws/build/excavator_controller' returned '0': CMAKE_PREFIX_PATH=${CMAKE_PREFIX_PATH}:/opt/ros/humble /usr/bin/cmake --build /home/cvl/excavator_ws/build/excavator_controller -- -j16 -l16
[0.342s] DEBUG:colcon.colcon_core.event_handler.log_command:Invoking command in '/home/cvl/excavator_ws/build/excavator_controller': CMAKE_PREFIX_PATH=${CMAKE_PREFIX_PATH}:/opt/ros/humble /usr/bin/cmake --install /home/cvl/excavator_ws/build/excavator_controller
[0.342s] DEBUG:colcon.colcon_core.event_handler.log_command:Invoked command in '/home/cvl/excavator_ws/build/excavator_description' returned '0': CMAKE_PREFIX_PATH=${CMAKE_PREFIX_PATH}:/opt/ros/humble /usr/bin/cmake --build /home/cvl/excavator_ws/build/excavator_description -- -j16 -l16
[0.343s] DEBUG:colcon.colcon_core.event_handler.log_command:Invoking command in '/home/cvl/excavator_ws/build/excavator_description': CMAKE_PREFIX_PATH=${CMAKE_PREFIX_PATH}:/opt/ros/humble /usr/bin/cmake --install /home/cvl/excavator_ws/build/excavator_description
[0.349s] Level 1:colcon.colcon_core.environment:create_environment_scripts_only(excavator_controller)
[0.351s] DEBUG:colcon.colcon_core.event_handler.log_command:Invoked command in '/home/cvl/excavator_ws/build/excavator_controller' returned '0': CMAKE_PREFIX_PATH=${CMAKE_PREFIX_PATH}:/opt/ros/humble /usr/bin/cmake --install /home/cvl/excavator_ws/build/excavator_controller
[0.352s] Level 1:colcon.colcon_core.environment:checking '/home/cvl/excavator_ws/install/excavator_controller' for CMake module files
[0.352s] Level 1:colcon.colcon_core.environment:checking '/home/cvl/excavator_ws/install/excavator_controller' for CMake config files
[0.353s] Level 1:colcon.colcon_core.shell:create_environment_hook('excavator_controller', 'cmake_prefix_path')
[0.353s] INFO:colcon.colcon_core.shell:Creating environment hook '/home/cvl/excavator_ws/install/excavator_controller/share/excavator_controller/hook/cmake_prefix_path.ps1'
[0.353s] INFO:colcon.colcon_core.shell:Creating environment descriptor '/home/cvl/excavator_ws/install/excavator_controller/share/excavator_controller/hook/cmake_prefix_path.dsv'
[0.354s] INFO:colcon.colcon_core.shell:Creating environment hook '/home/cvl/excavator_ws/install/excavator_controller/share/excavator_controller/hook/cmake_prefix_path.sh'
[0.355s] Level 1:colcon.colcon_core.environment:checking '/home/cvl/excavator_ws/install/excavator_controller/bin'
[0.355s] Level 1:colcon.colcon_core.environment:checking '/home/cvl/excavator_ws/install/excavator_controller/lib/pkgconfig/excavator_controller.pc'
[0.355s] Level 1:colcon.colcon_core.environment:checking '/home/cvl/excavator_ws/install/excavator_controller/lib/python3.10/site-packages'
[0.355s] Level 1:colcon.colcon_core.environment:checking '/home/cvl/excavator_ws/install/excavator_controller/bin'
[0.355s] INFO:colcon.colcon_core.shell:Creating package script '/home/cvl/excavator_ws/install/excavator_controller/share/excavator_controller/package.ps1'
[0.356s] INFO:colcon.colcon_core.shell:Creating package descriptor '/home/cvl/excavator_ws/install/excavator_controller/share/excavator_controller/package.dsv'
[0.356s] INFO:colcon.colcon_core.shell:Creating package script '/home/cvl/excavator_ws/install/excavator_controller/share/excavator_controller/package.sh'
[0.357s] INFO:colcon.colcon_core.shell:Creating package script '/home/cvl/excavator_ws/install/excavator_controller/share/excavator_controller/package.bash'
[0.358s] INFO:colcon.colcon_core.shell:Creating package script '/home/cvl/excavator_ws/install/excavator_controller/share/excavator_controller/package.zsh'
[0.358s] Level 1:colcon.colcon_core.environment:create_file_with_runtime_dependencies(/home/cvl/excavator_ws/install/excavator_controller/share/colcon-core/packages/excavator_controller)
[0.358s] Level 1:colcon.colcon_core.environment:create_environment_scripts_only(excavator_controller)
[0.359s] Level 1:colcon.colcon_core.environment:checking '/home/cvl/excavator_ws/install/excavator_controller' for CMake module files
[0.359s] Level 1:colcon.colcon_core.environment:checking '/home/cvl/excavator_ws/install/excavator_controller' for CMake config files
[0.359s] Level 1:colcon.colcon_core.shell:create_environment_hook('excavator_controller', 'cmake_prefix_path')
[0.359s] INFO:colcon.colcon_core.shell:Creating environment hook '/home/cvl/excavator_ws/install/excavator_controller/share/excavator_controller/hook/cmake_prefix_path.ps1'
[0.359s] INFO:colcon.colcon_core.shell:Creating environment descriptor '/home/cvl/excavator_ws/install/excavator_controller/share/excavator_controller/hook/cmake_prefix_path.dsv'
[0.360s] INFO:colcon.colcon_core.shell:Creating environment hook '/home/cvl/excavator_ws/install/excavator_controller/share/excavator_controller/hook/cmake_prefix_path.sh'
[0.360s] Level 1:colcon.colcon_core.environment:checking '/home/cvl/excavator_ws/install/excavator_controller/bin'
[0.360s] Level 1:colcon.colcon_core.environment:checking '/home/cvl/excavator_ws/install/excavator_controller/lib/pkgconfig/excavator_controller.pc'
[0.360s] Level 1:colcon.colcon_core.environment:checking '/home/cvl/excavator_ws/install/excavator_controller/lib/python3.10/site-packages'
[0.360s] Level 1:colcon.colcon_core.environment:checking '/home/cvl/excavator_ws/install/excavator_controller/bin'
[0.361s] INFO:colcon.colcon_core.shell:Creating package script '/home/cvl/excavator_ws/install/excavator_controller/share/excavator_controller/package.ps1'
[0.361s] INFO:colcon.colcon_core.shell:Creating package descriptor '/home/cvl/excavator_ws/install/excavator_controller/share/excavator_controller/package.dsv'
[0.361s] INFO:colcon.colcon_core.shell:Creating package script '/home/cvl/excavator_ws/install/excavator_controller/share/excavator_controller/package.sh'
[0.361s] INFO:colcon.colcon_core.shell:Creating package script '/home/cvl/excavator_ws/install/excavator_controller/share/excavator_controller/package.bash'
[0.362s] INFO:colcon.colcon_core.shell:Creating package script '/home/cvl/excavator_ws/install/excavator_controller/share/excavator_controller/package.zsh'
[0.362s] Level 1:colcon.colcon_core.environment:create_file_with_runtime_dependencies(/home/cvl/excavator_ws/install/excavator_controller/share/colcon-core/packages/excavator_controller)
[0.363s] Level 1:colcon.colcon_core.environment:create_environment_scripts_only(excavator_description)
[0.363s] Level 1:colcon.colcon_core.environment:checking '/home/cvl/excavator_ws/install/excavator_description' for CMake module files
[0.363s] DEBUG:colcon.colcon_core.event_handler.log_command:Invoked command in '/home/cvl/excavator_ws/build/excavator_description' returned '0': CMAKE_PREFIX_PATH=${CMAKE_PREFIX_PATH}:/opt/ros/humble /usr/bin/cmake --install /home/cvl/excavator_ws/build/excavator_description
[0.363s] Level 1:colcon.colcon_core.environment:checking '/home/cvl/excavator_ws/install/excavator_description' for CMake config files
[0.364s] Level 1:colcon.colcon_core.shell:create_environment_hook('excavator_description', 'cmake_prefix_path')
[0.364s] INFO:colcon.colcon_core.shell:Creating environment hook '/home/cvl/excavator_ws/install/excavator_description/share/excavator_description/hook/cmake_prefix_path.ps1'
[0.364s] INFO:colcon.colcon_core.shell:Creating environment descriptor '/home/cvl/excavator_ws/install/excavator_description/share/excavator_description/hook/cmake_prefix_path.dsv'
[0.364s] INFO:colcon.colcon_core.shell:Creating environment hook '/home/cvl/excavator_ws/install/excavator_description/share/excavator_description/hook/cmake_prefix_path.sh'
[0.364s] Level 1:colcon.colcon_core.environment:checking '/home/cvl/excavator_ws/install/excavator_description/bin'
[0.365s] Level 1:colcon.colcon_core.environment:checking '/home/cvl/excavator_ws/install/excavator_description/lib/pkgconfig/excavator_description.pc'
[0.365s] Level 1:colcon.colcon_core.environment:checking '/home/cvl/excavator_ws/install/excavator_description/lib/python3.10/site-packages'
[0.365s] Level 1:colcon.colcon_core.environment:checking '/home/cvl/excavator_ws/install/excavator_description/bin'
[0.365s] INFO:colcon.colcon_core.shell:Creating package script '/home/cvl/excavator_ws/install/excavator_description/share/excavator_description/package.ps1'
[0.365s] INFO:colcon.colcon_core.shell:Creating package descriptor '/home/cvl/excavator_ws/install/excavator_description/share/excavator_description/package.dsv'
[0.365s] INFO:colcon.colcon_core.shell:Creating package script '/home/cvl/excavator_ws/install/excavator_description/share/excavator_description/package.sh'
[0.366s] INFO:colcon.colcon_core.shell:Creating package script '/home/cvl/excavator_ws/install/excavator_description/share/excavator_description/package.bash'
[0.366s] INFO:colcon.colcon_core.shell:Creating package script '/home/cvl/excavator_ws/install/excavator_description/share/excavator_description/package.zsh'
[0.366s] Level 1:colcon.colcon_core.environment:create_file_with_runtime_dependencies(/home/cvl/excavator_ws/install/excavator_description/share/colcon-core/packages/excavator_description)
[0.366s] Level 1:colcon.colcon_core.environment:create_environment_scripts_only(excavator_description)
[0.366s] Level 1:colcon.colcon_core.environment:checking '/home/cvl/excavator_ws/install/excavator_description' for CMake module files
[0.367s] Level 1:colcon.colcon_core.environment:checking '/home/cvl/excavator_ws/install/excavator_description' for CMake config files
[0.367s] Level 1:colcon.colcon_core.shell:create_environment_hook('excavator_description', 'cmake_prefix_path')
[0.367s] INFO:colcon.colcon_core.shell:Creating environment hook '/home/cvl/excavator_ws/install/excavator_description/share/excavator_description/hook/cmake_prefix_path.ps1'
[0.367s] INFO:colcon.colcon_core.shell:Creating environment descriptor '/home/cvl/excavator_ws/install/excavator_description/share/excavator_description/hook/cmake_prefix_path.dsv'
[0.367s] INFO:colcon.colcon_core.shell:Creating environment hook '/home/cvl/excavator_ws/install/excavator_description/share/excavator_description/hook/cmake_prefix_path.sh'
[0.368s] Level 1:colcon.colcon_core.environment:checking '/home/cvl/excavator_ws/install/excavator_description/bin'
[0.368s] Level 1:colcon.colcon_core.environment:checking '/home/cvl/excavator_ws/install/excavator_description/lib/pkgconfig/excavator_description.pc'
[0.368s] Level 1:colcon.colcon_core.environment:checking '/home/cvl/excavator_ws/install/excavator_description/lib/python3.10/site-packages'
[0.368s] Level 1:colcon.colcon_core.environment:checking '/home/cvl/excavator_ws/install/excavator_description/bin'
[0.368s] INFO:colcon.colcon_core.shell:Creating package script '/home/cvl/excavator_ws/install/excavator_description/share/excavator_description/package.ps1'
[0.369s] INFO:colcon.colcon_core.shell:Creating package descriptor '/home/cvl/excavator_ws/install/excavator_description/share/excavator_description/package.dsv'
[0.369s] INFO:colcon.colcon_core.shell:Creating package script '/home/cvl/excavator_ws/install/excavator_description/share/excavator_description/package.sh'
[0.369s] INFO:colcon.colcon_core.shell:Creating package script '/home/cvl/excavator_ws/install/excavator_description/share/excavator_description/package.bash'
[0.369s] INFO:colcon.colcon_core.shell:Creating package script '/home/cvl/excavator_ws/install/excavator_description/share/excavator_description/package.zsh'
[0.370s] Level 1:colcon.colcon_core.environment:create_file_with_runtime_dependencies(/home/cvl/excavator_ws/install/excavator_description/share/colcon-core/packages/excavator_description)
[0.370s] INFO:colcon.colcon_ros.task.ament_cmake.build:Building ROS package in '/home/cvl/excavator_ws/src/excavator_moveit' with build type 'ament_cmake'
[0.370s] INFO:colcon.colcon_cmake.task.cmake.build:Building CMake package in '/home/cvl/excavator_ws/src/excavator_moveit'
[0.371s] INFO:colcon.colcon_core.shell:Skip shell extension 'powershell' for command environment: Not usable outside of PowerShell
[0.371s] DEBUG:colcon.colcon_core.shell:Skip shell extension 'dsv' for command environment
[0.378s] DEBUG:colcon.colcon_core.event_handler.log_command:Invoking command in '/home/cvl/excavator_ws/build/excavator_moveit': CMAKE_PREFIX_PATH=/home/cvl/excavator_ws/install/excavator_description:/home/cvl/excavator_ws/install/excavator_moveit:/home/cvl/excavator_ws/install/excavator_controller:/opt/ros/humble /usr/bin/cmake --build /home/cvl/excavator_ws/build/excavator_moveit -- -j16 -l16
[0.408s] DEBUG:colcon.colcon_core.event_handler.log_command:Invoked command in '/home/cvl/excavator_ws/build/excavator_moveit' returned '0': CMAKE_PREFIX_PATH=/home/cvl/excavator_ws/install/excavator_description:/home/cvl/excavator_ws/install/excavator_moveit:/home/cvl/excavator_ws/install/excavator_controller:/opt/ros/humble /usr/bin/cmake --build /home/cvl/excavator_ws/build/excavator_moveit -- -j16 -l16
[0.409s] DEBUG:colcon.colcon_core.event_handler.log_command:Invoking command in '/home/cvl/excavator_ws/build/excavator_moveit': CMAKE_PREFIX_PATH=/home/cvl/excavator_ws/install/excavator_description:/home/cvl/excavator_ws/install/excavator_moveit:/home/cvl/excavator_ws/install/excavator_controller:/opt/ros/humble /usr/bin/cmake --install /home/cvl/excavator_ws/build/excavator_moveit
[0.416s] Level 1:colcon.colcon_core.environment:create_environment_scripts_only(excavator_moveit)
[0.417s] Level 1:colcon.colcon_core.environment:checking '/home/cvl/excavator_ws/install/excavator_moveit' for CMake module files
[0.417s] DEBUG:colcon.colcon_core.event_handler.log_command:Invoked command in '/home/cvl/excavator_ws/build/excavator_moveit' returned '0': CMAKE_PREFIX_PATH=/home/cvl/excavator_ws/install/excavator_description:/home/cvl/excavator_ws/install/excavator_moveit:/home/cvl/excavator_ws/install/excavator_controller:/opt/ros/humble /usr/bin/cmake --install /home/cvl/excavator_ws/build/excavator_moveit
[0.417s] Level 1:colcon.colcon_core.environment:checking '/home/cvl/excavator_ws/install/excavator_moveit' for CMake config files
[0.417s] Level 1:colcon.colcon_core.shell:create_environment_hook('excavator_moveit', 'cmake_prefix_path')
[0.418s] INFO:colcon.colcon_core.shell:Creating environment hook '/home/cvl/excavator_ws/install/excavator_moveit/share/excavator_moveit/hook/cmake_prefix_path.ps1'
[0.418s] INFO:colcon.colcon_core.shell:Creating environment descriptor '/home/cvl/excavator_ws/install/excavator_moveit/share/excavator_moveit/hook/cmake_prefix_path.dsv'
[0.418s] INFO:colcon.colcon_core.shell:Creating environment hook '/home/cvl/excavator_ws/install/excavator_moveit/share/excavator_moveit/hook/cmake_prefix_path.sh'
[0.419s] Level 1:colcon.colcon_core.environment:checking '/home/cvl/excavator_ws/install/excavator_moveit/bin'
[0.419s] Level 1:colcon.colcon_core.environment:checking '/home/cvl/excavator_ws/install/excavator_moveit/lib/pkgconfig/excavator_moveit.pc'
[0.419s] Level 1:colcon.colcon_core.environment:checking '/home/cvl/excavator_ws/install/excavator_moveit/lib/python3.10/site-packages'
[0.419s] Level 1:colcon.colcon_core.environment:checking '/home/cvl/excavator_ws/install/excavator_moveit/bin'
[0.419s] INFO:colcon.colcon_core.shell:Creating package script '/home/cvl/excavator_ws/install/excavator_moveit/share/excavator_moveit/package.ps1'
[0.420s] INFO:colcon.colcon_core.shell:Creating package descriptor '/home/cvl/excavator_ws/install/excavator_moveit/share/excavator_moveit/package.dsv'
[0.420s] INFO:colcon.colcon_core.shell:Creating package script '/home/cvl/excavator_ws/install/excavator_moveit/share/excavator_moveit/package.sh'
[0.420s] INFO:colcon.colcon_core.shell:Creating package script '/home/cvl/excavator_ws/install/excavator_moveit/share/excavator_moveit/package.bash'
[0.421s] INFO:colcon.colcon_core.shell:Creating package script '/home/cvl/excavator_ws/install/excavator_moveit/share/excavator_moveit/package.zsh'
[0.421s] Level 1:colcon.colcon_core.environment:create_file_with_runtime_dependencies(/home/cvl/excavator_ws/install/excavator_moveit/share/colcon-core/packages/excavator_moveit)
[0.422s] Level 1:colcon.colcon_core.environment:create_environment_scripts_only(excavator_moveit)
[0.422s] Level 1:colcon.colcon_core.environment:checking '/home/cvl/excavator_ws/install/excavator_moveit' for CMake module files
[0.422s] Level 1:colcon.colcon_core.environment:checking '/home/cvl/excavator_ws/install/excavator_moveit' for CMake config files
[0.422s] Level 1:colcon.colcon_core.shell:create_environment_hook('excavator_moveit', 'cmake_prefix_path')
[0.423s] INFO:colcon.colcon_core.shell:Creating environment hook '/home/cvl/excavator_ws/install/excavator_moveit/share/excavator_moveit/hook/cmake_prefix_path.ps1'
[0.423s] INFO:colcon.colcon_core.shell:Creating environment descriptor '/home/cvl/excavator_ws/install/excavator_moveit/share/excavator_moveit/hook/cmake_prefix_path.dsv'
[0.423s] INFO:colcon.colcon_core.shell:Creating environment hook '/home/cvl/excavator_ws/install/excavator_moveit/share/excavator_moveit/hook/cmake_prefix_path.sh'
[0.424s] Level 1:colcon.colcon_core.environment:checking '/home/cvl/excavator_ws/install/excavator_moveit/bin'
[0.424s] Level 1:colcon.colcon_core.environment:checking '/home/cvl/excavator_ws/install/excavator_moveit/lib/pkgconfig/excavator_moveit.pc'
[0.424s] Level 1:colcon.colcon_core.environment:checking '/home/cvl/excavator_ws/install/excavator_moveit/lib/python3.10/site-packages'
[0.424s] Level 1:colcon.colcon_core.environment:checking '/home/cvl/excavator_ws/install/excavator_moveit/bin'
[0.424s] INFO:colcon.colcon_core.shell:Creating package script '/home/cvl/excavator_ws/install/excavator_moveit/share/excavator_moveit/package.ps1'
[0.425s] INFO:colcon.colcon_core.shell:Creating package descriptor '/home/cvl/excavator_ws/install/excavator_moveit/share/excavator_moveit/package.dsv'
[0.425s] INFO:colcon.colcon_core.shell:Creating package script '/home/cvl/excavator_ws/install/excavator_moveit/share/excavator_moveit/package.sh'
[0.425s] INFO:colcon.colcon_core.shell:Creating package script '/home/cvl/excavator_ws/install/excavator_moveit/share/excavator_moveit/package.bash'
[0.426s] INFO:colcon.colcon_core.shell:Creating package script '/home/cvl/excavator_ws/install/excavator_moveit/share/excavator_moveit/package.zsh'
[0.426s] Level 1:colcon.colcon_core.environment:create_file_with_runtime_dependencies(/home/cvl/excavator_ws/install/excavator_moveit/share/colcon-core/packages/excavator_moveit)
[0.426s] DEBUG:colcon.colcon_parallel_executor.executor.parallel:closing loop
[0.426s] DEBUG:colcon.colcon_parallel_executor.executor.parallel:loop closed
[0.427s] DEBUG:colcon.colcon_parallel_executor.executor.parallel:run_until_complete finished with '0'
[0.427s] DEBUG:colcon.colcon_core.event_reactor:joining thread
[0.431s] INFO:colcon.colcon_core.plugin_system:Skipping extension 'colcon_notification.desktop_notification.terminal_notifier': Not used on non-Darwin systems
[0.431s] INFO:colcon.colcon_core.plugin_system:Skipping extension 'colcon_notification.desktop_notification.win32': Not used on non-Windows systems
[0.431s] INFO:colcon.colcon_notification.desktop_notification:Sending desktop notification using 'notify2'
[0.439s] DEBUG:colcon.colcon_core.event_reactor:joined thread
[0.440s] INFO:colcon.colcon_core.shell:Creating prefix script '/home/cvl/excavator_ws/install/local_setup.ps1'
[0.440s] INFO:colcon.colcon_core.shell:Creating prefix util module '/home/cvl/excavator_ws/install/_local_setup_util_ps1.py'
[0.441s] INFO:colcon.colcon_core.shell:Creating prefix chain script '/home/cvl/excavator_ws/install/setup.ps1'
[0.442s] INFO:colcon.colcon_core.shell:Creating prefix script '/home/cvl/excavator_ws/install/local_setup.sh'
[0.443s] INFO:colcon.colcon_core.shell:Creating prefix util module '/home/cvl/excavator_ws/install/_local_setup_util_sh.py'
[0.443s] INFO:colcon.colcon_core.shell:Creating prefix chain script '/home/cvl/excavator_ws/install/setup.sh'
[0.444s] INFO:colcon.colcon_core.shell:Creating prefix script '/home/cvl/excavator_ws/install/local_setup.bash'
[0.444s] INFO:colcon.colcon_core.shell:Creating prefix chain script '/home/cvl/excavator_ws/install/setup.bash'
[0.445s] INFO:colcon.colcon_core.shell:Creating prefix script '/home/cvl/excavator_ws/install/local_setup.zsh'
[0.445s] INFO:colcon.colcon_core.shell:Creating prefix chain script '/home/cvl/excavator_ws/install/setup.zsh'
