-- Install configuration: ""
-- Up-to-date: /home/cvl/excavator_ws/install/excavator_moveit/share/excavator_moveit/launch
-- Up-to-date: /home/cvl/excavator_ws/install/excavator_moveit/share/excavator_moveit/launch/moveit.launch.py
-- Up-to-date: /home/cvl/excavator_ws/install/excavator_moveit/share/excavator_moveit/config
-- Up-to-date: /home/cvl/excavator_ws/install/excavator_moveit/share/excavator_moveit/config/initial_positions.yaml
-- Up-to-date: /home/cvl/excavator_ws/install/excavator_moveit/share/excavator_moveit/config/joint_limits.yaml
-- Up-to-date: /home/cvl/excavator_ws/install/excavator_moveit/share/excavator_moveit/config/pilz_cartesian_limits.yaml
-- Up-to-date: /home/cvl/excavator_ws/install/excavator_moveit/share/excavator_moveit/config/kinematics.yaml
-- Up-to-date: /home/cvl/excavator_ws/install/excavator_moveit/share/excavator_moveit/config/moveit_controllers.yaml
-- Installing: /home/cvl/excavator_ws/install/excavator_moveit/share/excavator_moveit/config/excavator.srdf
-- Up-to-date: /home/cvl/excavator_ws/install/excavator_moveit/share/ament_index/resource_index/package_run_dependencies/excavator_moveit
-- Up-to-date: /home/cvl/excavator_ws/install/excavator_moveit/share/ament_index/resource_index/parent_prefix_path/excavator_moveit
-- Up-to-date: /home/cvl/excavator_ws/install/excavator_moveit/share/excavator_moveit/environment/ament_prefix_path.sh
-- Up-to-date: /home/cvl/excavator_ws/install/excavator_moveit/share/excavator_moveit/environment/ament_prefix_path.dsv
-- Up-to-date: /home/cvl/excavator_ws/install/excavator_moveit/share/excavator_moveit/environment/path.sh
-- Up-to-date: /home/cvl/excavator_ws/install/excavator_moveit/share/excavator_moveit/environment/path.dsv
-- Up-to-date: /home/cvl/excavator_ws/install/excavator_moveit/share/excavator_moveit/local_setup.bash
-- Up-to-date: /home/cvl/excavator_ws/install/excavator_moveit/share/excavator_moveit/local_setup.sh
-- Up-to-date: /home/cvl/excavator_ws/install/excavator_moveit/share/excavator_moveit/local_setup.zsh
-- Up-to-date: /home/cvl/excavator_ws/install/excavator_moveit/share/excavator_moveit/local_setup.dsv
-- Up-to-date: /home/cvl/excavator_ws/install/excavator_moveit/share/excavator_moveit/package.dsv
-- Up-to-date: /home/cvl/excavator_ws/install/excavator_moveit/share/ament_index/resource_index/packages/excavator_moveit
-- Up-to-date: /home/cvl/excavator_ws/install/excavator_moveit/share/excavator_moveit/cmake/excavator_moveitConfig.cmake
-- Up-to-date: /home/cvl/excavator_ws/install/excavator_moveit/share/excavator_moveit/cmake/excavator_moveitConfig-version.cmake
-- Up-to-date: /home/cvl/excavator_ws/install/excavator_moveit/share/excavator_moveit/package.xml
