[0.011s] Invoking command in '/home/cvl/excavator_ws/build/excavator_moveit': CMAKE_PREFIX_PATH=/home/cvl/excavator_ws/install/excavator_description:/home/cvl/excavator_ws/install/excavator_moveit:/home/cvl/excavator_ws/install/excavator_controller:/opt/ros/humble /usr/bin/cmake --build /home/cvl/excavator_ws/build/excavator_moveit -- -j16 -l16
[0.025s] -- Found ament_cmake: 1.3.11 (/opt/ros/humble/share/ament_cmake/cmake)
[0.101s] -- Found ament_lint_auto: 0.12.11 (/opt/ros/humble/share/ament_lint_auto/cmake)
[0.140s] -- Added test 'flake8' to check Python code syntax and style conventions
[0.140s] -- Added test 'lint_cmake' to check CMake code style
[0.141s] -- Added test 'pep257' to check Python code against some of the docstring style conventions in PEP 257
[0.141s] -- Added test 'xmllint' to check XML markup files
[0.141s] -- Configuring done
[0.143s] -- Generating done
[0.144s] -- Build files have been written to: /home/cvl/excavator_ws/build/excavator_moveit
[0.157s] Invoked command in '/home/cvl/excavator_ws/build/excavator_moveit' returned '0': CMAKE_PREFIX_PATH=/home/cvl/excavator_ws/install/excavator_description:/home/cvl/excavator_ws/install/excavator_moveit:/home/cvl/excavator_ws/install/excavator_controller:/opt/ros/humble /usr/bin/cmake --build /home/cvl/excavator_ws/build/excavator_moveit -- -j16 -l16
[0.158s] Invoking command in '/home/cvl/excavator_ws/build/excavator_moveit': CMAKE_PREFIX_PATH=/home/cvl/excavator_ws/install/excavator_description:/home/cvl/excavator_ws/install/excavator_moveit:/home/cvl/excavator_ws/install/excavator_controller:/opt/ros/humble /usr/bin/cmake --install /home/cvl/excavator_ws/build/excavator_moveit
[0.162s] -- Install configuration: ""
[0.162s] -- Up-to-date: /home/cvl/excavator_ws/install/excavator_moveit/share/excavator_moveit/launch
[0.162s] -- Up-to-date: /home/cvl/excavator_ws/install/excavator_moveit/share/excavator_moveit/launch/moveit.launch.py
[0.162s] -- Up-to-date: /home/cvl/excavator_ws/install/excavator_moveit/share/excavator_moveit/config
[0.162s] -- Installing: /home/cvl/excavator_ws/install/excavator_moveit/share/excavator_moveit/config/pliz_cartesian_limits.yaml
[0.162s] -- Installing: /home/cvl/excavator_ws/install/excavator_moveit/share/excavator_moveit/config/initial_positions.yaml
[0.162s] -- Installing: /home/cvl/excavator_ws/install/excavator_moveit/share/excavator_moveit/config/joint_limits.yaml
[0.162s] -- Installing: /home/cvl/excavator_ws/install/excavator_moveit/share/excavator_moveit/config/kinematics.yaml
[0.162s] -- Installing: /home/cvl/excavator_ws/install/excavator_moveit/share/excavator_moveit/config/moveit_controllers.yaml
[0.162s] -- Installing: /home/cvl/excavator_ws/install/excavator_moveit/share/excavator_moveit/config/excavator.srdf
[0.162s] -- Up-to-date: /home/cvl/excavator_ws/install/excavator_moveit/share/ament_index/resource_index/package_run_dependencies/excavator_moveit
[0.163s] -- Installing: /home/cvl/excavator_ws/install/excavator_moveit/share/ament_index/resource_index/parent_prefix_path/excavator_moveit
[0.163s] -- Up-to-date: /home/cvl/excavator_ws/install/excavator_moveit/share/excavator_moveit/environment/ament_prefix_path.sh
[0.163s] -- Installing: /home/cvl/excavator_ws/install/excavator_moveit/share/excavator_moveit/environment/ament_prefix_path.dsv
[0.163s] -- Up-to-date: /home/cvl/excavator_ws/install/excavator_moveit/share/excavator_moveit/environment/path.sh
[0.163s] -- Installing: /home/cvl/excavator_ws/install/excavator_moveit/share/excavator_moveit/environment/path.dsv
[0.163s] -- Up-to-date: /home/cvl/excavator_ws/install/excavator_moveit/share/excavator_moveit/local_setup.bash
[0.163s] -- Up-to-date: /home/cvl/excavator_ws/install/excavator_moveit/share/excavator_moveit/local_setup.sh
[0.163s] -- Up-to-date: /home/cvl/excavator_ws/install/excavator_moveit/share/excavator_moveit/local_setup.zsh
[0.163s] -- Installing: /home/cvl/excavator_ws/install/excavator_moveit/share/excavator_moveit/local_setup.dsv
[0.163s] -- Installing: /home/cvl/excavator_ws/install/excavator_moveit/share/excavator_moveit/package.dsv
[0.163s] -- Up-to-date: /home/cvl/excavator_ws/install/excavator_moveit/share/ament_index/resource_index/packages/excavator_moveit
[0.163s] -- Up-to-date: /home/cvl/excavator_ws/install/excavator_moveit/share/excavator_moveit/cmake/excavator_moveitConfig.cmake
[0.163s] -- Up-to-date: /home/cvl/excavator_ws/install/excavator_moveit/share/excavator_moveit/cmake/excavator_moveitConfig-version.cmake
[0.163s] -- Up-to-date: /home/cvl/excavator_ws/install/excavator_moveit/share/excavator_moveit/package.xml
[0.164s] Invoked command in '/home/cvl/excavator_ws/build/excavator_moveit' returned '0': CMAKE_PREFIX_PATH=/home/cvl/excavator_ws/install/excavator_description:/home/cvl/excavator_ws/install/excavator_moveit:/home/cvl/excavator_ws/install/excavator_controller:/opt/ros/humble /usr/bin/cmake --install /home/cvl/excavator_ws/build/excavator_moveit
