[0.013s] Invoking command in '/home/cvl/excavator_ws/build/excavator_moveit': AMENT_PREFIX_PATH=/home/cvl/excavator_ws/install/excavator_description:${AMENT_PREFIX_PATH} CMAKE_PREFIX_PATH=/home/cvl/excavator_ws/install/excavator_description:/opt/ros/humble /usr/bin/cmake --build /home/cvl/excavator_ws/build/excavator_moveit -- -j16 -l16
[0.028s] -- Found ament_cmake: 1.3.11 (/opt/ros/humble/share/ament_cmake/cmake)
[0.111s] -- Found ament_lint_auto: 0.12.11 (/opt/ros/humble/share/ament_lint_auto/cmake)
[0.153s] -- Added test 'flake8' to check Python code syntax and style conventions
[0.153s] -- Added test 'lint_cmake' to check CMake code style
[0.154s] -- Added test 'pep257' to check Python code against some of the docstring style conventions in PEP 257
[0.154s] -- Added test 'xmllint' to check XML markup files
[0.155s] -- Configuring done
[0.156s] -- Generating done
[0.157s] -- Build files have been written to: /home/cvl/excavator_ws/build/excavator_moveit
[0.172s] Invoked command in '/home/cvl/excavator_ws/build/excavator_moveit' returned '0': AMENT_PREFIX_PATH=/home/cvl/excavator_ws/install/excavator_description:${AMENT_PREFIX_PATH} CMAKE_PREFIX_PATH=/home/cvl/excavator_ws/install/excavator_description:/opt/ros/humble /usr/bin/cmake --build /home/cvl/excavator_ws/build/excavator_moveit -- -j16 -l16
[0.173s] Invoking command in '/home/cvl/excavator_ws/build/excavator_moveit': AMENT_PREFIX_PATH=/home/cvl/excavator_ws/install/excavator_description:${AMENT_PREFIX_PATH} CMAKE_PREFIX_PATH=/home/cvl/excavator_ws/install/excavator_description:/opt/ros/humble /usr/bin/cmake --install /home/cvl/excavator_ws/build/excavator_moveit
[0.178s] -- Install configuration: ""
[0.178s] -- Installing: /home/cvl/excavator_ws/install/excavator_moveit/share/excavator_moveit/launch
[0.178s] -- Installing: /home/cvl/excavator_ws/install/excavator_moveit/share/excavator_moveit/launch/moveit.launch.py
[0.178s] -- Installing: /home/cvl/excavator_ws/install/excavator_moveit/share/excavator_moveit/config
[0.178s] -- Installing: /home/cvl/excavator_ws/install/excavator_moveit/share/excavator_moveit/config/initial_positions.yaml
[0.178s] -- Installing: /home/cvl/excavator_ws/install/excavator_moveit/share/excavator_moveit/config/joint_limits.yaml
[0.178s] -- Installing: /home/cvl/excavator_ws/install/excavator_moveit/share/excavator_moveit/config/pilz_cartesian_limits.yaml
[0.179s] -- Installing: /home/cvl/excavator_ws/install/excavator_moveit/share/excavator_moveit/config/kinematics.yaml
[0.179s] -- Installing: /home/cvl/excavator_ws/install/excavator_moveit/share/excavator_moveit/config/moveit_controllers.yaml
[0.179s] -- Installing: /home/cvl/excavator_ws/install/excavator_moveit/share/excavator_moveit/config/excavator.srdf
[0.179s] -- Installing: /home/cvl/excavator_ws/install/excavator_moveit/share/ament_index/resource_index/package_run_dependencies/excavator_moveit
[0.179s] -- Installing: /home/cvl/excavator_ws/install/excavator_moveit/share/ament_index/resource_index/parent_prefix_path/excavator_moveit
[0.179s] -- Up-to-date: /home/cvl/excavator_ws/install/excavator_moveit/share/excavator_moveit/environment/ament_prefix_path.sh
[0.179s] -- Installing: /home/cvl/excavator_ws/install/excavator_moveit/share/excavator_moveit/environment/ament_prefix_path.dsv
[0.179s] -- Up-to-date: /home/cvl/excavator_ws/install/excavator_moveit/share/excavator_moveit/environment/path.sh
[0.179s] -- Installing: /home/cvl/excavator_ws/install/excavator_moveit/share/excavator_moveit/environment/path.dsv
[0.179s] -- Up-to-date: /home/cvl/excavator_ws/install/excavator_moveit/share/excavator_moveit/local_setup.bash
[0.179s] -- Up-to-date: /home/cvl/excavator_ws/install/excavator_moveit/share/excavator_moveit/local_setup.sh
[0.179s] -- Up-to-date: /home/cvl/excavator_ws/install/excavator_moveit/share/excavator_moveit/local_setup.zsh
[0.179s] -- Installing: /home/cvl/excavator_ws/install/excavator_moveit/share/excavator_moveit/local_setup.dsv
[0.179s] -- Installing: /home/cvl/excavator_ws/install/excavator_moveit/share/excavator_moveit/package.dsv
[0.179s] -- Up-to-date: /home/cvl/excavator_ws/install/excavator_moveit/share/ament_index/resource_index/packages/excavator_moveit
[0.180s] -- Up-to-date: /home/cvl/excavator_ws/install/excavator_moveit/share/excavator_moveit/cmake/excavator_moveitConfig.cmake
[0.180s] -- Up-to-date: /home/cvl/excavator_ws/install/excavator_moveit/share/excavator_moveit/cmake/excavator_moveitConfig-version.cmake
[0.180s] -- Installing: /home/cvl/excavator_ws/install/excavator_moveit/share/excavator_moveit/package.xml
[0.181s] Invoked command in '/home/cvl/excavator_ws/build/excavator_moveit' returned '0': AMENT_PREFIX_PATH=/home/cvl/excavator_ws/install/excavator_description:${AMENT_PREFIX_PATH} CMAKE_PREFIX_PATH=/home/cvl/excavator_ws/install/excavator_description:/opt/ros/humble /usr/bin/cmake --install /home/cvl/excavator_ws/build/excavator_moveit
