-- Install configuration: ""
-- Up-to-date: /home/cvl/excavator_ws/install/excavator_description/share/excavator_description/meshes
-- Installing: /home/cvl/excavator_ws/install/excavator_description/share/excavator_description/meshes/link2.STL
-- Up-to-date: /home/cvl/excavator_ws/install/excavator_description/share/excavator_description/meshes/yg1050_2.STL
-- Up-to-date: /home/cvl/excavator_ws/install/excavator_description/share/excavator_description/meshes/yg1480_2.STL
-- Up-to-date: /home/cvl/excavator_ws/install/excavator_description/share/excavator_description/meshes/chandou.STL
-- Installing: /home/cvl/excavator_ws/install/excavator_description/share/excavator_description/meshes/battering_ram.STL
-- Up-to-date: /home/cvl/excavator_ws/install/excavator_description/share/excavator_description/meshes/pjjq04.STL
-- Up-to-date: /home/cvl/excavator_ws/install/excavator_description/share/excavator_description/meshes/yg1480.STL
-- Up-to-date: /home/cvl/excavator_ws/install/excavator_description/share/excavator_description/meshes/yg1220_1_2.STL
-- Installing: /home/cvl/excavator_ws/install/excavator_description/share/excavator_description/meshes/wheel4.STL
-- Up-to-date: /home/cvl/excavator_ws/install/excavator_description/share/excavator_description/meshes/yg1050.STL
-- Installing: /home/cvl/excavator_ws/install/excavator_description/share/excavator_description/meshes/chassis.STL
-- Installing: /home/cvl/excavator_ws/install/excavator_description/share/excavator_description/meshes/wheel1.STL
-- Up-to-date: /home/cvl/excavator_ws/install/excavator_description/share/excavator_description/meshes/base_link.STL
-- Up-to-date: /home/cvl/excavator_ws/install/excavator_description/share/excavator_description/meshes/cheshen.STL
-- Up-to-date: /home/cvl/excavator_ws/install/excavator_description/share/excavator_description/meshes/yg1220_1_1.STL
-- Up-to-date: /home/cvl/excavator_ws/install/excavator_description/share/excavator_description/meshes/pjjq06.STL
-- Up-to-date: /home/cvl/excavator_ws/install/excavator_description/share/excavator_description/meshes/pjjq03.STL
-- Installing: /home/cvl/excavator_ws/install/excavator_description/share/excavator_description/meshes/link1.STL
-- Installing: /home/cvl/excavator_ws/install/excavator_description/share/excavator_description/meshes/rotary_table.STL
-- Up-to-date: /home/cvl/excavator_ws/install/excavator_description/share/excavator_description/meshes/yg1220_2_1.STL
-- Installing: /home/cvl/excavator_ws/install/excavator_description/share/excavator_description/meshes/wheel2.STL
-- Up-to-date: /home/cvl/excavator_ws/install/excavator_description/share/excavator_description/meshes/pjjq05_2.STL
-- Up-to-date: /home/cvl/excavator_ws/install/excavator_description/share/excavator_description/meshes/yg1220_2_2.STL
-- Installing: /home/cvl/excavator_ws/install/excavator_description/share/excavator_description/meshes/wheel3.STL
-- Up-to-date: /home/cvl/excavator_ws/install/excavator_description/share/excavator_description/meshes/pjjq05_1.STL
-- Up-to-date: /home/cvl/excavator_ws/install/excavator_description/share/excavator_description/urdf
-- Up-to-date: /home/cvl/excavator_ws/install/excavator_description/share/excavator_description/urdf/excavator_gazebo.xacro
-- Up-to-date: /home/cvl/excavator_ws/install/excavator_description/share/excavator_description/urdf/transmission_pudong.xacro
-- Installing: /home/cvl/excavator_ws/install/excavator_description/share/excavator_description/urdf/excavator.urdf.xacro
-- Up-to-date: /home/cvl/excavator_ws/install/excavator_description/share/excavator_description/urdf/excavator_ros2_control.xacro
-- Up-to-date: /home/cvl/excavator_ws/install/excavator_description/share/excavator_description/launch
-- Up-to-date: /home/cvl/excavator_ws/install/excavator_description/share/excavator_description/launch/gazebo.launch.py
-- Up-to-date: /home/cvl/excavator_ws/install/excavator_description/share/excavator_description/launch/display.launch.py
-- Up-to-date: /home/cvl/excavator_ws/install/excavator_description/share/excavator_description/rviz
-- Up-to-date: /home/cvl/excavator_ws/install/excavator_description/share/excavator_description/rviz/excavator_rviz.rviz
-- Up-to-date: /home/cvl/excavator_ws/install/excavator_description/share/ament_index/resource_index/package_run_dependencies/excavator_description
-- Up-to-date: /home/cvl/excavator_ws/install/excavator_description/share/ament_index/resource_index/parent_prefix_path/excavator_description
-- Up-to-date: /home/cvl/excavator_ws/install/excavator_description/share/excavator_description/environment/ament_prefix_path.sh
-- Up-to-date: /home/cvl/excavator_ws/install/excavator_description/share/excavator_description/environment/ament_prefix_path.dsv
-- Up-to-date: /home/cvl/excavator_ws/install/excavator_description/share/excavator_description/environment/path.sh
-- Up-to-date: /home/cvl/excavator_ws/install/excavator_description/share/excavator_description/environment/path.dsv
-- Up-to-date: /home/cvl/excavator_ws/install/excavator_description/share/excavator_description/local_setup.bash
-- Up-to-date: /home/cvl/excavator_ws/install/excavator_description/share/excavator_description/local_setup.sh
-- Up-to-date: /home/cvl/excavator_ws/install/excavator_description/share/excavator_description/local_setup.zsh
-- Up-to-date: /home/cvl/excavator_ws/install/excavator_description/share/excavator_description/local_setup.dsv
-- Installing: /home/cvl/excavator_ws/install/excavator_description/share/excavator_description/package.dsv
-- Up-to-date: /home/cvl/excavator_ws/install/excavator_description/share/ament_index/resource_index/packages/excavator_description
-- Up-to-date: /home/cvl/excavator_ws/install/excavator_description/share/excavator_description/cmake/excavator_descriptionConfig.cmake
-- Up-to-date: /home/cvl/excavator_ws/install/excavator_description/share/excavator_description/cmake/excavator_descriptionConfig-version.cmake
-- Up-to-date: /home/cvl/excavator_ws/install/excavator_description/share/excavator_description/package.xml
